[ 2018-03-26T16:13:17+08:00 ] ::1 /tpshops/
INFO: [ app_init ] --START--
INFO: Run Behavior\BuildLiteBehavior [ RunTime:0.000006s ]
INFO: [ app_init ] --END-- [ RunTime:0.000246s ]
INFO: [ app_begin ] --START--
INFO: Run Behavior\ReadHtmlCacheBehavior [ RunTime:0.000293s ]
INFO: [ app_begin ] --END-- [ RunTime:0.000311s ]
SQL: SHOW COLUMNS FROM `tpshop_category` [ RunTime:0.0040s ]
SQL: SELECT * FROM `tpshop_category`  [ RunTime:0.0002s ]
SQL: SELECT * FROM `tpshop_category` WHERE `id` = 13 LIMIT 1   [ RunTime:0.0001s ]
SQL: SHOW COLUMNS FROM `tpshop_goods` [ RunTime:0.0026s ]
SQL: SELECT * FROM `tpshop_goods` WHERE `cate_id` = 13 LIMIT 12   [ RunTime:0.0003s ]
INFO: [ view_parse ] --START--
INFO: [ template_filter ] --START--
INFO: Run Behavior\ContentReplaceBehavior [ RunTime:0.000129s ]
INFO: [ template_filter ] --END-- [ RunTime:0.000149s ]
NOTIC: [8] Undefined index: user_info D:\phpstudy\PHPTutorial\WWW\tpshops\Application\Runtime\Cache\Home\2a94b8bda04ff446dcedd42276fc99ee.php 第 28 行.
INFO: Run Behavior\ParseTemplateBehavior [ RunTime:0.006382s ]
INFO: [ view_parse ] --END-- [ RunTime:0.006401s ]
INFO: [ view_filter ] --START--
INFO: Run Behavior\WriteHtmlCacheBehavior [ RunTime:0.000220s ]
INFO: [ view_filter ] --END-- [ RunTime:0.000234s ]
INFO: [ app_end ] --START--
INFO: Run Behavior\ShowPageTraceBehavior [ RunTime:0.000340s ]
INFO: [ app_end ] --END-- [ RunTime:0.000358s ]

[ 2018-03-26T16:13:23+08:00 ] ::1 /tpshops/index.php/Home/Index/detail/id/25.html
INFO: [ app_init ] --START--
INFO: Run Behavior\BuildLiteBehavior [ RunTime:0.000004s ]
INFO: [ app_init ] --END-- [ RunTime:0.000193s ]
INFO: [ app_begin ] --START--
INFO: Run Behavior\ReadHtmlCacheBehavior [ RunTime:0.000252s ]
INFO: [ app_begin ] --END-- [ RunTime:0.000269s ]
SQL: SHOW COLUMNS FROM `tpshop_goods` [ RunTime:0.0038s ]
SQL: SELECT * FROM `tpshop_goods` WHERE `id` = 25 LIMIT 1   [ RunTime:0.0002s ]
SQL: SHOW COLUMNS FROM `tpshop_goodspics` [ RunTime:0.0028s ]
SQL: SELECT * FROM `tpshop_goodspics` WHERE `goods_id` = 25  [ RunTime:0.0002s ]
SQL: SHOW COLUMNS FROM `tpshop_attribute` [ RunTime:0.0023s ]
SQL: SELECT * FROM `tpshop_attribute` WHERE `type_id` = 0  [ RunTime:0.0001s ]
SQL: SHOW COLUMNS FROM `tpshop_goods_attr` [ RunTime:0.0025s ]
SQL: SELECT * FROM `tpshop_goods_attr` WHERE `goods_id` = 25  [ RunTime:0.0001s ]
INFO: [ view_parse ] --START--
INFO: [ template_filter ] --START--
INFO: Run Behavior\ContentReplaceBehavior [ RunTime:0.000200s ]
INFO: [ template_filter ] --END-- [ RunTime:0.000221s ]
NOTIC: [8] Undefined index: user_info D:\phpstudy\PHPTutorial\WWW\tpshops\Application\Runtime\Cache\Home\1223f42a89e823bf89547594651162de.php 第 28 行.
NOTIC: [8] Undefined offset: 0 D:\phpstudy\PHPTutorial\WWW\tpshops\Application\Runtime\Cache\Home\1223f42a89e823bf89547594651162de.php 第 153 行.
NOTIC: [8] Undefined offset: 0 D:\phpstudy\PHPTutorial\WWW\tpshops\Application\Runtime\Cache\Home\1223f42a89e823bf89547594651162de.php 第 153 行.
INFO: Run Behavior\ParseTemplateBehavior [ RunTime:0.007147s ]
INFO: [ view_parse ] --END-- [ RunTime:0.007162s ]
INFO: [ view_filter ] --START--
INFO: Run Behavior\WriteHtmlCacheBehavior [ RunTime:0.000150s ]
INFO: [ view_filter ] --END-- [ RunTime:0.000164s ]
INFO: [ app_end ] --START--
INFO: Run Behavior\ShowPageTraceBehavior [ RunTime:0.000299s ]
INFO: [ app_end ] --END-- [ RunTime:0.000317s ]

