[ 2018-01-29T11:59:25+08:00 ] 127.0.0.1 /
INFO: [ app_init ] --START--
INFO: Run Behavior\BuildLiteBehavior [ RunTime:0.000017s ]
INFO: [ app_init ] --END-- [ RunTime:0.010787s ]
INFO: [ app_begin ] --START--
INFO: Run Behavior\ReadHtmlCacheBehavior [ RunTime:0.019741s ]
INFO: [ app_begin ] --END-- [ RunTime:0.019798s ]
INFO: [ view_parse ] --START--
INFO: [ template_filter ] --START--
INFO: Run Behavior\ContentReplaceBehavior [ RunTime:0.000270s ]
INFO: [ template_filter ] --END-- [ RunTime:0.000325s ]
INFO: Run Behavior\ParseTemplateBehavior [ RunTime:0.133690s ]
INFO: [ view_parse ] --END-- [ RunTime:0.133751s ]
INFO: [ view_filter ] --START--
INFO: Run Behavior\WriteHtmlCacheBehavior [ RunTime:0.013994s ]
INFO: [ view_filter ] --END-- [ RunTime:0.014040s ]
INFO: [ app_end ] --START--
INFO: Run Behavior\ShowPageTraceBehavior [ RunTime:0.019544s ]
INFO: [ app_end ] --END-- [ RunTime:0.019610s ]

[ 2018-01-29T12:01:11+08:00 ] 127.0.0.1 /
INFO: [ app_init ] --START--
INFO: Run Behavior\BuildLiteBehavior [ RunTime:0.000012s ]
INFO: [ app_init ] --END-- [ RunTime:0.000713s ]
INFO: [ app_begin ] --START--
INFO: Run Behavior\ReadHtmlCacheBehavior [ RunTime:0.001185s ]
INFO: [ app_begin ] --END-- [ RunTime:0.001240s ]
INFO: [ view_parse ] --START--
INFO: [ template_filter ] --START--
INFO: Run Behavior\ContentReplaceBehavior [ RunTime:0.000321s ]
INFO: [ template_filter ] --END-- [ RunTime:0.000413s ]
INFO: Run Behavior\ParseTemplateBehavior [ RunTime:0.031032s ]
INFO: [ view_parse ] --END-- [ RunTime:0.031084s ]
INFO: [ view_filter ] --START--
INFO: Run Behavior\WriteHtmlCacheBehavior [ RunTime:0.000904s ]
INFO: [ view_filter ] --END-- [ RunTime:0.000935s ]
INFO: [ app_end ] --START--
INFO: Run Behavior\ShowPageTraceBehavior [ RunTime:0.001751s ]
INFO: [ app_end ] --END-- [ RunTime:0.001999s ]

[ 2018-01-29T12:04:45+08:00 ] 127.0.0.1 /
INFO: [ app_init ] --START--
INFO: Run Behavior\BuildLiteBehavior [ RunTime:0.000036s ]
INFO: [ app_init ] --END-- [ RunTime:0.000974s ]
INFO: [ app_begin ] --START--
INFO: Run Behavior\ReadHtmlCacheBehavior [ RunTime:0.001227s ]
INFO: [ app_begin ] --END-- [ RunTime:0.001291s ]
INFO: [ view_parse ] --START--
INFO: [ template_filter ] --START--
INFO: Run Behavior\ContentReplaceBehavior [ RunTime:0.000258s ]
INFO: [ template_filter ] --END-- [ RunTime:0.000315s ]
INFO: Run Behavior\ParseTemplateBehavior [ RunTime:0.033281s ]
INFO: [ view_parse ] --END-- [ RunTime:0.033337s ]
INFO: [ view_filter ] --START--
INFO: Run Behavior\WriteHtmlCacheBehavior [ RunTime:0.001293s ]
INFO: [ view_filter ] --END-- [ RunTime:0.001331s ]
INFO: [ app_end ] --START--
INFO: Run Behavior\ShowPageTraceBehavior [ RunTime:0.002641s ]
INFO: [ app_end ] --END-- [ RunTime:0.002698s ]

[ 2018-01-29T23:01:52+08:00 ] 127.0.0.1 /
INFO: [ app_init ] --START--
INFO: Run Behavior\BuildLiteBehavior [ RunTime:0.000011s ]
INFO: [ app_init ] --END-- [ RunTime:0.000620s ]
INFO: [ app_begin ] --START--
INFO: Run Behavior\ReadHtmlCacheBehavior [ RunTime:0.000897s ]
INFO: [ app_begin ] --END-- [ RunTime:0.000934s ]
SQL: SHOW COLUMNS FROM `tpshop_category` [ RunTime:0.0184s ]
SQL: SELECT * FROM `tpshop_category`  [ RunTime:0.0007s ]
INFO: [ view_parse ] --START--
INFO: [ template_filter ] --START--
INFO: Run Behavior\ContentReplaceBehavior [ RunTime:0.000123s ]
INFO: [ template_filter ] --END-- [ RunTime:0.000159s ]
NOTIC: [8] Undefined variable: cate_info F:\www\tpshop\Application\Runtime\Cache\Home\2a94b8bda04ff446dcedd42276fc99ee.php 第 592 行.
NOTIC: [8] Undefined variable: goods F:\www\tpshop\Application\Runtime\Cache\Home\2a94b8bda04ff446dcedd42276fc99ee.php 第 607 行.
INFO: Run Behavior\ParseTemplateBehavior [ RunTime:0.160951s ]
INFO: [ view_parse ] --END-- [ RunTime:0.160994s ]
INFO: [ view_filter ] --START--
INFO: Run Behavior\WriteHtmlCacheBehavior [ RunTime:0.000875s ]
INFO: [ view_filter ] --END-- [ RunTime:0.000904s ]
INFO: [ app_end ] --START--
INFO: Run Behavior\ShowPageTraceBehavior [ RunTime:0.001372s ]
INFO: [ app_end ] --END-- [ RunTime:0.001429s ]

[ 2018-01-29T23:06:18+08:00 ] 127.0.0.1 /
INFO: [ app_init ] --START--
INFO: Run Behavior\BuildLiteBehavior [ RunTime:0.000012s ]
INFO: [ app_init ] --END-- [ RunTime:0.000646s ]
INFO: [ app_begin ] --START--
INFO: Run Behavior\ReadHtmlCacheBehavior [ RunTime:0.000992s ]
INFO: [ app_begin ] --END-- [ RunTime:0.001054s ]
SQL: SHOW COLUMNS FROM `tpshop_category` [ RunTime:0.0241s ]
SQL: SELECT * FROM `tpshop_category`  [ RunTime:0.0005s ]
SQL: SELECT * FROM `tpshop_category` WHERE `id` = 13  [ RunTime:0.0003s ]
SQL: SHOW COLUMNS FROM `tpshop_goods` [ RunTime:0.0235s ]
SQL: SELECT * FROM `tpshop_goods` WHERE `cate_id` = 13  [ RunTime:0.0004s ]
INFO: [ view_parse ] --START--
INFO: [ template_filter ] --START--
INFO: Run Behavior\ContentReplaceBehavior [ RunTime:0.000134s ]
INFO: [ template_filter ] --END-- [ RunTime:0.000173s ]
NOTIC: [8] Undefined index: cate_name F:\www\tpshop\Application\Runtime\Cache\Home\2a94b8bda04ff446dcedd42276fc99ee.php 第 592 行.
INFO: Run Behavior\ParseTemplateBehavior [ RunTime:0.053297s ]
INFO: [ view_parse ] --END-- [ RunTime:0.053334s ]
INFO: [ view_filter ] --START--
INFO: Run Behavior\WriteHtmlCacheBehavior [ RunTime:0.000830s ]
INFO: [ view_filter ] --END-- [ RunTime:0.000859s ]
INFO: [ app_end ] --START--
INFO: Run Behavior\ShowPageTraceBehavior [ RunTime:0.001401s ]
INFO: [ app_end ] --END-- [ RunTime:0.001471s ]

[ 2018-01-29T23:07:50+08:00 ] 127.0.0.1 /
INFO: [ app_init ] --START--
INFO: Run Behavior\BuildLiteBehavior [ RunTime:0.000011s ]
INFO: [ app_init ] --END-- [ RunTime:0.000615s ]
INFO: [ app_begin ] --START--
INFO: Run Behavior\ReadHtmlCacheBehavior [ RunTime:0.001163s ]
INFO: [ app_begin ] --END-- [ RunTime:0.001206s ]
SQL: SHOW COLUMNS FROM `tpshop_category` [ RunTime:0.0300s ]
SQL: SELECT * FROM `tpshop_category`  [ RunTime:0.0006s ]
SQL: SELECT * FROM `tpshop_category` WHERE `id` = 13  [ RunTime:0.0003s ]
SQL: SHOW COLUMNS FROM `tpshop_goods` [ RunTime:0.0229s ]
SQL: SELECT * FROM `tpshop_goods` WHERE `cate_id` = 13  [ RunTime:0.0006s ]
INFO: [ view_parse ] --START--
INFO: [ template_filter ] --START--
INFO: Run Behavior\ContentReplaceBehavior [ RunTime:0.000126s ]
INFO: [ template_filter ] --END-- [ RunTime:0.000162s ]
NOTIC: [8] Undefined index: cate_name F:\www\tpshop\Application\Runtime\Cache\Home\2a94b8bda04ff446dcedd42276fc99ee.php 第 592 行.
INFO: Run Behavior\ParseTemplateBehavior [ RunTime:0.048009s ]
INFO: [ view_parse ] --END-- [ RunTime:0.048046s ]
INFO: [ view_filter ] --START--
INFO: Run Behavior\WriteHtmlCacheBehavior [ RunTime:0.000970s ]
INFO: [ view_filter ] --END-- [ RunTime:0.001003s ]
INFO: [ app_end ] --START--
INFO: Run Behavior\ShowPageTraceBehavior [ RunTime:0.002061s ]
INFO: [ app_end ] --END-- [ RunTime:0.002111s ]

[ 2018-01-29T23:13:40+08:00 ] 127.0.0.1 /
INFO: [ app_init ] --START--
INFO: Run Behavior\BuildLiteBehavior [ RunTime:0.000013s ]
INFO: [ app_init ] --END-- [ RunTime:0.000964s ]
INFO: [ app_begin ] --START--
INFO: Run Behavior\ReadHtmlCacheBehavior [ RunTime:0.001744s ]
INFO: [ app_begin ] --END-- [ RunTime:0.001790s ]
SQL: SHOW COLUMNS FROM `tpshop_category` [ RunTime:0.0745s ]
SQL: SELECT * FROM `tpshop_category`  [ RunTime:0.0005s ]
SQL: SELECT * FROM `tpshop_category` WHERE `id` = 13 LIMIT 1   [ RunTime:0.0003s ]
SQL: SHOW COLUMNS FROM `tpshop_goods` [ RunTime:0.0229s ]
SQL: SELECT * FROM `tpshop_goods` WHERE `cate_id` = 13 LIMIT 12   [ RunTime:0.0005s ]
INFO: [ view_parse ] --START--
INFO: [ template_filter ] --START--
INFO: Run Behavior\ContentReplaceBehavior [ RunTime:0.000128s ]
INFO: [ template_filter ] --END-- [ RunTime:0.000164s ]
INFO: Run Behavior\ParseTemplateBehavior [ RunTime:0.055944s ]
INFO: [ view_parse ] --END-- [ RunTime:0.055989s ]
INFO: [ view_filter ] --START--
INFO: Run Behavior\WriteHtmlCacheBehavior [ RunTime:0.000828s ]
INFO: [ view_filter ] --END-- [ RunTime:0.000858s ]
INFO: [ app_end ] --START--
INFO: Run Behavior\ShowPageTraceBehavior [ RunTime:0.001339s ]
INFO: [ app_end ] --END-- [ RunTime:0.001402s ]

[ 2018-01-29T23:15:11+08:00 ] 127.0.0.1 /
INFO: [ app_init ] --START--
INFO: Run Behavior\BuildLiteBehavior [ RunTime:0.000029s ]
INFO: [ app_init ] --END-- [ RunTime:0.000893s ]
INFO: [ app_begin ] --START--
INFO: Run Behavior\ReadHtmlCacheBehavior [ RunTime:0.000873s ]
INFO: [ app_begin ] --END-- [ RunTime:0.000914s ]
SQL: SHOW COLUMNS FROM `tpshop_category` [ RunTime:0.0852s ]
SQL: SELECT * FROM `tpshop_category`  [ RunTime:0.0006s ]
SQL: SELECT * FROM `tpshop_category` WHERE `id` = 13 LIMIT 1   [ RunTime:0.0005s ]
SQL: SHOW COLUMNS FROM `tpshop_goods` [ RunTime:0.0183s ]
SQL: SELECT * FROM `tpshop_goods` WHERE `cate_id` = 13 LIMIT 12   [ RunTime:0.0004s ]
INFO: [ view_parse ] --START--
INFO: [ template_filter ] --START--
INFO: Run Behavior\ContentReplaceBehavior [ RunTime:0.000132s ]
INFO: [ template_filter ] --END-- [ RunTime:0.000169s ]
INFO: Run Behavior\ParseTemplateBehavior [ RunTime:0.074221s ]
INFO: [ view_parse ] --END-- [ RunTime:0.074265s ]
INFO: [ view_filter ] --START--
INFO: Run Behavior\WriteHtmlCacheBehavior [ RunTime:0.000825s ]
INFO: [ view_filter ] --END-- [ RunTime:0.000854s ]
INFO: [ app_end ] --START--
INFO: Run Behavior\ShowPageTraceBehavior [ RunTime:0.001322s ]
INFO: [ app_end ] --END-- [ RunTime:0.001389s ]

[ 2018-01-29T23:15:36+08:00 ] 127.0.0.1 /
INFO: [ app_init ] --START--
INFO: Run Behavior\BuildLiteBehavior [ RunTime:0.000010s ]
INFO: [ app_init ] --END-- [ RunTime:0.000600s ]
INFO: [ app_begin ] --START--
INFO: Run Behavior\ReadHtmlCacheBehavior [ RunTime:0.001784s ]
INFO: [ app_begin ] --END-- [ RunTime:0.001890s ]
SQL: SHOW COLUMNS FROM `tpshop_category` [ RunTime:0.0879s ]
SQL: SELECT * FROM `tpshop_category`  [ RunTime:0.0004s ]
SQL: SELECT * FROM `tpshop_category` WHERE `id` = 13 LIMIT 1   [ RunTime:0.0003s ]
SQL: SHOW COLUMNS FROM `tpshop_goods` [ RunTime:0.0224s ]
SQL: SELECT * FROM `tpshop_goods` WHERE `cate_id` = 13 LIMIT 12   [ RunTime:0.0005s ]
INFO: [ view_parse ] --START--
INFO: [ template_filter ] --START--
INFO: Run Behavior\ContentReplaceBehavior [ RunTime:0.000142s ]
INFO: [ template_filter ] --END-- [ RunTime:0.000180s ]
INFO: Run Behavior\ParseTemplateBehavior [ RunTime:0.051811s ]
INFO: [ view_parse ] --END-- [ RunTime:0.051857s ]
INFO: [ view_filter ] --START--
INFO: Run Behavior\WriteHtmlCacheBehavior [ RunTime:0.000685s ]
INFO: [ view_filter ] --END-- [ RunTime:0.000713s ]
INFO: [ app_end ] --START--
INFO: Run Behavior\ShowPageTraceBehavior [ RunTime:0.001576s ]
INFO: [ app_end ] --END-- [ RunTime:0.001655s ]

[ 2018-01-29T23:15:50+08:00 ] 127.0.0.1 /
INFO: [ app_init ] --START--
INFO: Run Behavior\BuildLiteBehavior [ RunTime:0.000022s ]
INFO: [ app_init ] --END-- [ RunTime:0.000629s ]
INFO: [ app_begin ] --START--
INFO: Run Behavior\ReadHtmlCacheBehavior [ RunTime:0.000934s ]
INFO: [ app_begin ] --END-- [ RunTime:0.000973s ]
SQL: SHOW COLUMNS FROM `tpshop_category` [ RunTime:0.0955s ]
SQL: SELECT * FROM `tpshop_category`  [ RunTime:0.0004s ]
SQL: SELECT * FROM `tpshop_category` WHERE `id` = 13 LIMIT 1   [ RunTime:0.0003s ]
SQL: SHOW COLUMNS FROM `tpshop_goods` [ RunTime:0.0208s ]
SQL: SELECT * FROM `tpshop_goods` WHERE `cate_id` = 13 LIMIT 12   [ RunTime:0.0004s ]
INFO: [ view_parse ] --START--
INFO: [ template_filter ] --START--
INFO: Run Behavior\ContentReplaceBehavior [ RunTime:0.000134s ]
INFO: [ template_filter ] --END-- [ RunTime:0.000171s ]
INFO: Run Behavior\ParseTemplateBehavior [ RunTime:0.056256s ]
INFO: [ view_parse ] --END-- [ RunTime:0.056326s ]
INFO: [ view_filter ] --START--
INFO: Run Behavior\WriteHtmlCacheBehavior [ RunTime:0.000713s ]
INFO: [ view_filter ] --END-- [ RunTime:0.000741s ]
INFO: [ app_end ] --START--
INFO: Run Behavior\ShowPageTraceBehavior [ RunTime:0.001181s ]
INFO: [ app_end ] --END-- [ RunTime:0.001251s ]

[ 2018-01-29T23:24:53+08:00 ] 127.0.0.1 /index.php/Home/Index/detail/id/14.html
INFO: [ app_init ] --START--
INFO: Run Behavior\BuildLiteBehavior [ RunTime:0.000013s ]
INFO: [ app_init ] --END-- [ RunTime:0.000733s ]
INFO: [ app_begin ] --START--
INFO: Run Behavior\ReadHtmlCacheBehavior [ RunTime:0.000983s ]
INFO: [ app_begin ] --END-- [ RunTime:0.001028s ]
INFO: [ view_parse ] --START--
INFO: [ template_filter ] --START--
INFO: Run Behavior\ContentReplaceBehavior [ RunTime:0.000187s ]
INFO: [ template_filter ] --END-- [ RunTime:0.000232s ]
NOTIC: [8] Undefined variable: goodspics F:\www\tpshop\Application\Runtime\Cache\Home\1223f42a89e823bf89547594651162de.php 第 146 行.
NOTIC: [8] Undefined variable: goodspics F:\www\tpshop\Application\Runtime\Cache\Home\1223f42a89e823bf89547594651162de.php 第 146 行.
NOTIC: [8] Undefined variable: goodspics F:\www\tpshop\Application\Runtime\Cache\Home\1223f42a89e823bf89547594651162de.php 第 149 行.
NOTIC: [8] Undefined variable: goods F:\www\tpshop\Application\Runtime\Cache\Home\1223f42a89e823bf89547594651162de.php 第 166 行.
NOTIC: [8] Undefined variable: goods F:\www\tpshop\Application\Runtime\Cache\Home\1223f42a89e823bf89547594651162de.php 第 174 行.
NOTIC: [8] Undefined variable: goods F:\www\tpshop\Application\Runtime\Cache\Home\1223f42a89e823bf89547594651162de.php 第 178 行.
NOTIC: [8] Undefined variable: attribute F:\www\tpshop\Application\Runtime\Cache\Home\1223f42a89e823bf89547594651162de.php 第 238 行.
NOTIC: [8] Undefined variable: goods F:\www\tpshop\Application\Runtime\Cache\Home\1223f42a89e823bf89547594651162de.php 第 250 行.
NOTIC: [8] Undefined variable: attribute F:\www\tpshop\Application\Runtime\Cache\Home\1223f42a89e823bf89547594651162de.php 第 450 行.
NOTIC: [8] Undefined variable: goods F:\www\tpshop\Application\Runtime\Cache\Home\1223f42a89e823bf89547594651162de.php 第 460 行.
INFO: Run Behavior\ParseTemplateBehavior [ RunTime:0.138846s ]
INFO: [ view_parse ] --END-- [ RunTime:0.138884s ]
INFO: [ view_filter ] --START--
INFO: Run Behavior\WriteHtmlCacheBehavior [ RunTime:0.000857s ]
INFO: [ view_filter ] --END-- [ RunTime:0.000886s ]
INFO: [ app_end ] --START--
INFO: Run Behavior\ShowPageTraceBehavior [ RunTime:0.001993s ]
INFO: [ app_end ] --END-- [ RunTime:0.002074s ]

[ 2018-01-29T23:24:53+08:00 ] 127.0.0.1 /index.php/Home/Index/detail/id/images/logobig.png
INFO: [ app_init ] --START--
INFO: Run Behavior\BuildLiteBehavior [ RunTime:0.000013s ]
INFO: [ app_init ] --END-- [ RunTime:0.000750s ]

[ 2018-01-29T23:24:53+08:00 ] 127.0.0.1 /index.php/Home/Index/detail/id/images/logo.png
INFO: [ app_init ] --START--
INFO: Run Behavior\BuildLiteBehavior [ RunTime:0.000011s ]
INFO: [ app_init ] --END-- [ RunTime:0.000618s ]

[ 2018-01-29T23:24:53+08:00 ] 127.0.0.1 /index.php/Home/Index/detail/id/images/no-img_mid_.jpg
INFO: [ app_init ] --START--
INFO: Run Behavior\BuildLiteBehavior [ RunTime:0.000012s ]
INFO: [ app_init ] --END-- [ RunTime:0.000732s ]

[ 2018-01-29T23:24:53+08:00 ] 127.0.0.1 /index.php/Home/Index/detail/id/images/wdsc.png
INFO: [ app_init ] --START--
INFO: Run Behavior\BuildLiteBehavior [ RunTime:0.000013s ]
INFO: [ app_init ] --END-- [ RunTime:0.001513s ]

[ 2018-01-29T23:24:53+08:00 ] 127.0.0.1 /index.php/Home/Index/detail/id/images/chongzhi.png
INFO: [ app_init ] --START--
INFO: Run Behavior\BuildLiteBehavior [ RunTime:0.000013s ]
INFO: [ app_init ] --END-- [ RunTime:0.001011s ]

[ 2018-01-29T23:24:53+08:00 ] 127.0.0.1 /index.php/Home/Index/detail/id/images/weixin_code_145.png
INFO: [ app_init ] --START--
INFO: Run Behavior\BuildLiteBehavior [ RunTime:0.000011s ]
INFO: [ app_init ] --END-- [ RunTime:0.000622s ]

[ 2018-01-29T23:24:54+08:00 ] 127.0.0.1 /index.php/Home/Index/detail/id/images/extra.png
INFO: [ app_init ] --START--
INFO: Run Behavior\BuildLiteBehavior [ RunTime:0.000011s ]
INFO: [ app_init ] --END-- [ RunTime:0.000629s ]

[ 2018-01-29T23:25:10+08:00 ] 127.0.0.1 /index.php/Home/Index/detail/id/13.html
INFO: [ app_init ] --START--
INFO: Run Behavior\BuildLiteBehavior [ RunTime:0.000013s ]
INFO: [ app_init ] --END-- [ RunTime:0.000846s ]
INFO: [ app_begin ] --START--
INFO: Run Behavior\ReadHtmlCacheBehavior [ RunTime:0.000876s ]
INFO: [ app_begin ] --END-- [ RunTime:0.000916s ]
INFO: [ view_parse ] --START--
INFO: [ template_filter ] --START--
INFO: Run Behavior\ContentReplaceBehavior [ RunTime:0.000264s ]
INFO: [ template_filter ] --END-- [ RunTime:0.000333s ]
NOTIC: [8] Undefined variable: goodspics F:\www\tpshop\Application\Runtime\Cache\Home\1223f42a89e823bf89547594651162de.php 第 146 行.
NOTIC: [8] Undefined variable: goodspics F:\www\tpshop\Application\Runtime\Cache\Home\1223f42a89e823bf89547594651162de.php 第 146 行.
NOTIC: [8] Undefined variable: goodspics F:\www\tpshop\Application\Runtime\Cache\Home\1223f42a89e823bf89547594651162de.php 第 149 行.
NOTIC: [8] Undefined variable: goods F:\www\tpshop\Application\Runtime\Cache\Home\1223f42a89e823bf89547594651162de.php 第 166 行.
NOTIC: [8] Undefined variable: goods F:\www\tpshop\Application\Runtime\Cache\Home\1223f42a89e823bf89547594651162de.php 第 174 行.
NOTIC: [8] Undefined variable: goods F:\www\tpshop\Application\Runtime\Cache\Home\1223f42a89e823bf89547594651162de.php 第 178 行.
NOTIC: [8] Undefined variable: attribute F:\www\tpshop\Application\Runtime\Cache\Home\1223f42a89e823bf89547594651162de.php 第 238 行.
NOTIC: [8] Undefined variable: goods F:\www\tpshop\Application\Runtime\Cache\Home\1223f42a89e823bf89547594651162de.php 第 250 行.
NOTIC: [8] Undefined variable: attribute F:\www\tpshop\Application\Runtime\Cache\Home\1223f42a89e823bf89547594651162de.php 第 450 行.
NOTIC: [8] Undefined variable: goods F:\www\tpshop\Application\Runtime\Cache\Home\1223f42a89e823bf89547594651162de.php 第 460 行.
INFO: Run Behavior\ParseTemplateBehavior [ RunTime:0.053842s ]
INFO: [ view_parse ] --END-- [ RunTime:0.053884s ]
INFO: [ view_filter ] --START--
INFO: Run Behavior\WriteHtmlCacheBehavior [ RunTime:0.000797s ]
INFO: [ view_filter ] --END-- [ RunTime:0.000826s ]
INFO: [ app_end ] --START--
INFO: Run Behavior\ShowPageTraceBehavior [ RunTime:0.001264s ]
INFO: [ app_end ] --END-- [ RunTime:0.001317s ]

[ 2018-01-29T23:25:10+08:00 ] 127.0.0.1 /index.php/Home/Index/detail/id/images/logo.png
INFO: [ app_init ] --START--
INFO: Run Behavior\BuildLiteBehavior [ RunTime:0.000027s ]
INFO: [ app_init ] --END-- [ RunTime:0.000685s ]

[ 2018-01-29T23:25:11+08:00 ] 127.0.0.1 /index.php/Home/Index/detail/id/images/logobig.png
INFO: [ app_init ] --START--
INFO: Run Behavior\BuildLiteBehavior [ RunTime:0.000014s ]
INFO: [ app_init ] --END-- [ RunTime:0.000894s ]

9s ]

[ 2018-01-29T23:25:11+08:00 ] 127.0.0.1 /index.php/Home/Index/detail/id/images/wdsc.png
INFO: [ app_init ] --START--
INFO: Run Behavior\BuildLiteBehavior [ RunTime:0.000013s ]
INFO: [ app_init ] --END-- [ RunTime:0.001193s ]

s ]

[ 2018-01-29T23:25:11+08:00 ] 127.0.0.1 /index.php/Home/Index/detail/id/images/chongzhi.png
INFO: [ app_init ] --START--
INFO: Run Behavior\BuildLiteBehavior [ RunTime:0.000011s ]
INFO: [ app_init ] --END-- [ RunTime:0.001023s ]

[ 2018-01-29T23:25:11+08:00 ] 127.0.0.1 /index.php/Home/Index/detail/id/images/extra.png
INFO: [ app_init ] --START--
INFO: Run Behavior\BuildLiteBehavior [ RunTime:0.000014s ]
INFO: [ app_init ] --END-- [ RunTime:0.000722s ]

[ 2018-01-29T23:25:15+08:00 ] 127.0.0.1 /index.php/Home/Index/detail/id/17.html
INFO: [ app_init ] --START--
INFO: Run Behavior\BuildLiteBehavior [ RunTime:0.000012s ]
INFO: [ app_init ] --END-- [ RunTime:0.000655s ]
INFO: [ app_begin ] --START--
INFO: Run Behavior\ReadHtmlCacheBehavior [ RunTime:0.000886s ]
INFO: [ app_begin ] --END-- [ RunTime:0.000926s ]
INFO: [ view_parse ] --START--
INFO: [ template_filter ] --START--
INFO: Run Behavior\ContentReplaceBehavior [ RunTime:0.000190s ]
INFO: [ template_filter ] --END-- [ RunTime:0.000258s ]
NOTIC: [8] Undefined variable: goodspics F:\www\tpshop\Application\Runtime\Cache\Home\1223f42a89e823bf89547594651162de.php 第 146 行.
NOTIC: [8] Undefined variable: goodspics F:\www\tpshop\Application\Runtime\Cache\Home\1223f42a89e823bf89547594651162de.php 第 146 行.
NOTIC: [8] Undefined variable: goodspics F:\www\tpshop\Application\Runtime\Cache\Home\1223f42a89e823bf89547594651162de.php 第 149 行.
NOTIC: [8] Undefined variable: goods F:\www\tpshop\Application\Runtime\Cache\Home\1223f42a89e823bf89547594651162de.php 第 166 行.
NOTIC: [8] Undefined variable: goods F:\www\tpshop\Application\Runtime\Cache\Home\1223f42a89e823bf89547594651162de.php 第 174 行.
NOTIC: [8] Undefined variable: goods F:\www\tpshop\Application\Runtime\Cache\Home\1223f42a89e823bf89547594651162de.php 第 178 行.
NOTIC: [8] Undefined variable: attribute F:\www\tpshop\Application\Runtime\Cache\Home\1223f42a89e823bf89547594651162de.php 第 238 行.
NOTIC: [8] Undefined variable: goods F:\www\tpshop\Application\Runtime\Cache\Home\1223f42a89e823bf89547594651162de.php 第 250 行.
NOTIC: [8] Undefined variable: attribute F:\www\tpshop\Application\Runtime\Cache\Home\1223f42a89e823bf89547594651162de.php 第 450 行.
NOTIC: [8] Undefined variable: goods F:\www\tpshop\Application\Runtime\Cache\Home\1223f42a89e823bf89547594651162de.php 第 460 行.
INFO: Run Behavior\ParseTemplateBehavior [ RunTime:0.063376s ]
INFO: [ view_parse ] --END-- [ RunTime:0.063452s ]
INFO: [ view_filter ] --START--
INFO: Run Behavior\WriteHtmlCacheBehavior [ RunTime:0.000907s ]
INFO: [ view_filter ] --END-- [ RunTime:0.000936s ]
INFO: [ app_end ] --START--
INFO: Run Behavior\ShowPageTraceBehavior [ RunTime:0.002066s ]
INFO: [ app_end ] --END-- [ RunTime:0.002157s ]

[ 2018-01-29T23:25:15+08:00 ] 127.0.0.1 /index.php/Home/Index/detail/id/images/logo.png
INFO: [ app_init ] --START--
INFO: Run Behavior\BuildLiteBehavior [ RunTime:0.000012s ]
INFO: [ app_init ] --END-- [ RunTime:0.000591s ]

[ 2018-01-29T23:25:15+08:00 ] 127.0.0.1 /index.php/Home/Index/detail/id/images/no-img_mid_.jpg
INFO: [ app_init ] --START--
INFO: Run Behavior\BuildLiteBehavior [ RunTime:0.000013s ]
INFO: [ app_init ] --END-- [ RunTime:0.000913s ]



[ 2018-01-29T23:25:15+08:00 ] 127.0.0.1 /index.php/Home/Index/detail/id/images/wdsc.png
INFO: [ app_init ] --START--
INFO: Run Behavior\BuildLiteBehavior [ RunTime:0.000013s ]
INFO: [ app_init ] --END-- [ RunTime:0.001062s ]



[ 2018-01-29T23:25:15+08:00 ] 127.0.0.1 /index.php/Home/Index/detail/id/images/chongzhi.png
INFO: [ app_init ] --START--
INFO: Run Behavior\BuildLiteBehavior [ RunTime:0.000012s ]
INFO: [ app_init ] --END-- [ RunTime:0.001489s ]

[ 2018-01-29T23:25:15+08:00 ] 127.0.0.1 /index.php/Home/Index/detail/id/images/extra.png
INFO: [ app_init ] --START--
INFO: Run Behavior\BuildLiteBehavior [ RunTime:0.000013s ]
INFO: [ app_init ] --END-- [ RunTime:0.000638s ]

[ 2018-01-29T23:31:15+08:00 ] 127.0.0.1 /
INFO: [ app_init ] --START--
INFO: Run Behavior\BuildLiteBehavior [ RunTime:0.000025s ]
INFO: [ app_init ] --END-- [ RunTime:0.000870s ]
INFO: [ app_begin ] --START--
INFO: Run Behavior\ReadHtmlCacheBehavior [ RunTime:0.001571s ]
INFO: [ app_begin ] --END-- [ RunTime:0.001663s ]
SQL: SHOW COLUMNS FROM `tpshop_category` [ RunTime:0.0176s ]
SQL: SELECT * FROM `tpshop_category`  [ RunTime:0.0004s ]
SQL: SELECT * FROM `tpshop_category` WHERE `id` = 13 LIMIT 1   [ RunTime:0.0004s ]
SQL: SHOW COLUMNS FROM `tpshop_goods` [ RunTime:0.0204s ]
SQL: SELECT * FROM `tpshop_goods` WHERE `cate_id` = 13 LIMIT 12   [ RunTime:0.0005s ]
INFO: [ view_parse ] --START--
INFO: [ template_filter ] --START--
INFO: Run Behavior\ContentReplaceBehavior [ RunTime:0.000168s ]
INFO: [ template_filter ] --END-- [ RunTime:0.000206s ]
INFO: Run Behavior\ParseTemplateBehavior [ RunTime:0.060300s ]
INFO: [ view_parse ] --END-- [ RunTime:0.060348s ]
INFO: [ view_filter ] --START--
INFO: Run Behavior\WriteHtmlCacheBehavior [ RunTime:0.001012s ]
INFO: [ view_filter ] --END-- [ RunTime:0.001044s ]
INFO: [ app_end ] --START--
INFO: Run Behavior\ShowPageTraceBehavior [ RunTime:0.001504s ]
INFO: [ app_end ] --END-- [ RunTime:0.001629s ]

[ 2018-01-29T23:31:17+08:00 ] 127.0.0.1 /index.php/Home/Index/detail/id/13.html
INFO: [ app_init ] --START--
INFO: Run Behavior\BuildLiteBehavior [ RunTime:0.000010s ]
INFO: [ app_init ] --END-- [ RunTime:0.000607s ]
INFO: [ app_begin ] --START--
INFO: Run Behavior\ReadHtmlCacheBehavior [ RunTime:0.000947s ]
INFO: [ app_begin ] --END-- [ RunTime:0.000989s ]
SQL: SHOW COLUMNS FROM `tpshop_goods` [ RunTime:0.0192s ]
SQL: SELECT * FROM `tpshop_goods` WHERE `id` = 13 LIMIT 1   [ RunTime:0.0005s ]
SQL: SHOW COLUMNS FROM `tpshop_goodspics` [ RunTime:0.0157s ]
SQL: SELECT * FROM `tpshop_goodspics` WHERE `goods_id` = 13  [ RunTime:0.0004s ]
SQL: SHOW COLUMNS FROM `tpshop_attribute` [ RunTime:0.0141s ]
SQL: SELECT * FROM `tpshop_attribute` WHERE `type_id` = null  [ RunTime:0.0004s ]
SQL: SHOW COLUMNS FROM `tpshop_goods_attr` [ RunTime:0.0161s ]
SQL: SELECT * FROM `tpshop_goods_attr` WHERE `goods_id` = 13  [ RunTime:0.0004s ]

[ 2018-01-29T23:33:22+08:00 ] 127.0.0.1 /
INFO: [ app_init ] --START--
INFO: Run Behavior\BuildLiteBehavior [ RunTime:0.000012s ]
INFO: [ app_init ] --END-- [ RunTime:0.000623s ]
INFO: [ app_begin ] --START--
INFO: Run Behavior\ReadHtmlCacheBehavior [ RunTime:0.001072s ]
INFO: [ app_begin ] --END-- [ RunTime:0.001111s ]
SQL: SHOW COLUMNS FROM `tpshop_category` [ RunTime:0.0214s ]
SQL: SELECT * FROM `tpshop_category`  [ RunTime:0.0004s ]
SQL: SELECT * FROM `tpshop_category` WHERE `id` = 13 LIMIT 1   [ RunTime:0.0003s ]
SQL: SHOW COLUMNS FROM `tpshop_goods` [ RunTime:0.0198s ]
SQL: SELECT * FROM `tpshop_goods` WHERE `cate_id` = 13 LIMIT 12   [ RunTime:0.0005s ]
INFO: [ view_parse ] --START--
INFO: [ template_filter ] --START--
INFO: Run Behavior\ContentReplaceBehavior [ RunTime:0.000168s ]
INFO: [ template_filter ] --END-- [ RunTime:0.000206s ]
INFO: Run Behavior\ParseTemplateBehavior [ RunTime:0.057862s ]
INFO: [ view_parse ] --END-- [ RunTime:0.057908s ]
INFO: [ view_filter ] --START--
INFO: Run Behavior\WriteHtmlCacheBehavior [ RunTime:0.000780s ]
INFO: [ view_filter ] --END-- [ RunTime:0.000811s ]
INFO: [ app_end ] --START--
INFO: Run Behavior\ShowPageTraceBehavior [ RunTime:0.001206s ]
INFO: [ app_end ] --END-- [ RunTime:0.001274s ]

[ 2018-01-29T23:33:24+08:00 ] 127.0.0.1 /index.php/Home/Index/detail/id/13.html
INFO: [ app_init ] --START--
INFO: Run Behavior\BuildLiteBehavior [ RunTime:0.000012s ]
INFO: [ app_init ] --END-- [ RunTime:0.000633s ]
INFO: [ app_begin ] --START--
INFO: Run Behavior\ReadHtmlCacheBehavior [ RunTime:0.001043s ]
INFO: [ app_begin ] --END-- [ RunTime:0.001081s ]
SQL: SHOW COLUMNS FROM `tpshop_goods` [ RunTime:0.0209s ]
SQL: SELECT * FROM `tpshop_goods` WHERE `id` = 13 LIMIT 1   [ RunTime:0.0004s ]
SQL: SHOW COLUMNS FROM `tpshop_goodspics` [ RunTime:0.1145s ]
SQL: SELECT * FROM `tpshop_goodspics` WHERE `goods_id` = 13  [ RunTime:0.0003s ]
SQL: SHOW COLUMNS FROM `tpshop_attribute` [ RunTime:0.0433s ]
SQL: SELECT * FROM `tpshop_attribute` WHERE `type_id` = 2  [ RunTime:0.0004s ]
SQL: SHOW COLUMNS FROM `tpshop_goods_attr` [ RunTime:0.0172s ]
SQL: SELECT * FROM `tpshop_goods_attr` WHERE `goods_id` = 13  [ RunTime:0.0004s ]
INFO: [ view_parse ] --START--
INFO: [ template_filter ] --START--
INFO: Run Behavior\ContentReplaceBehavior [ RunTime:0.000308s ]
INFO: [ template_filter ] --END-- [ RunTime:0.000349s ]
NOTIC: [8] Undefined offset: 0 F:\www\tpshop\Application\Runtime\Cache\Home\1223f42a89e823bf89547594651162de.php 第 146 行.
NOTIC: [8] Undefined offset: 0 F:\www\tpshop\Application\Runtime\Cache\Home\1223f42a89e823bf89547594651162de.php 第 146 行.
NOTIC: [8] Undefined offset: 3 F:\www\tpshop\Application\Runtime\Cache\Home\1223f42a89e823bf89547594651162de.php 第 241 行.
NOTIC: [8] Undefined offset: 4 F:\www\tpshop\Application\Runtime\Cache\Home\1223f42a89e823bf89547594651162de.php 第 241 行.
NOTIC: [8] Undefined offset: 2 F:\www\tpshop\Application\Runtime\Cache\Home\1223f42a89e823bf89547594651162de.php 第 450 行.
NOTIC: [8] Undefined offset: 5 F:\www\tpshop\Application\Runtime\Cache\Home\1223f42a89e823bf89547594651162de.php 第 450 行.
INFO: Run Behavior\ParseTemplateBehavior [ RunTime:0.076298s ]
INFO: [ view_parse ] --END-- [ RunTime:0.076335s ]
INFO: [ view_filter ] --START--
INFO: Run Behavior\WriteHtmlCacheBehavior [ RunTime:0.000918s ]
INFO: [ view_filter ] --END-- [ RunTime:0.000948s ]
INFO: [ app_end ] --START--
INFO: Run Behavior\ShowPageTraceBehavior [ RunTime:0.001695s ]
INFO: [ app_end ] --END-- [ RunTime:0.001740s ]

[ 2018-01-29T23:33:24+08:00 ] 127.0.0.1 /index.php/Home/Index/detail/id/images/logo.png
INFO: [ app_init ] --START--
INFO: Run Behavior\BuildLiteBehavior [ RunTime:0.000012s ]
INFO: [ app_init ] --END-- [ RunTime:0.000633s ]

[ 2018-01-29T23:33:24+08:00 ] 127.0.0.1 /index.php/Home/Index/detail/id/images/logobig.png
INFO: [ app_init ] --START--
INFO: Run Behavior\BuildLiteBehavior [ RunTime:0.000014s ]
INFO: [ app_init ] --END-- [ RunTime:0.000680s ]

[ 2018-01-29T23:33:24+08:00 ] 127.0.0.1 /index.php/Home/Index/detail/id/images/wdsc.png
INFO: [ app_init ] --START--
INFO: Run Behavior\BuildLiteBehavior [ RunTime:0.000013s ]
INFO: [ app_init ] --END-- [ RunTime:0.000708s ]

[ 2018-01-29T23:33:24+08:00 ] 127.0.0.1 /index.php/Home/Index/detail/id/images/no-img_mid_.jpg
INFO: [ app_init ] --START--
INFO: Run Behavior\BuildLiteBehavior [ RunTime:0.000024s ]
INFO: [ app_init ] --END-- [ RunTime:0.000793s ]

[ 2018-01-29T23:33:24+08:00 ] 127.0.0.1 /index.php/Home/Index/detail/id/images/weixin_code_145.png
INFO: [ app_init ] --START--
INFO: Run Behavior\BuildLiteBehavior [ RunTime:0.000016s ]
INFO: [ app_init ] --END-- [ RunTime:0.000726s ]

[ 2018-01-29T23:33:24+08:00 ] 127.0.0.1 /index.php/Home/Index/detail/id/images/chongzhi.png
INFO: [ app_init ] --START--
INFO: Run Behavior\BuildLiteBehavior [ RunTime:0.000013s ]
INFO: [ app_init ] --END-- [ RunTime:0.000640s ]

[ 2018-01-29T23:33:25+08:00 ] 127.0.0.1 /index.php/Home/Index/detail/id/images/extra.png
INFO: [ app_init ] --START--
INFO: Run Behavior\BuildLiteBehavior [ RunTime:0.000014s ]
INFO: [ app_init ] --END-- [ RunTime:0.000656s ]

[ 2018-01-29T23:33:37+08:00 ] 127.0.0.1 /index.php/Home/Index/detail/id/13.html
INFO: [ app_init ] --START--
INFO: Run Behavior\BuildLiteBehavior [ RunTime:0.000011s ]
INFO: [ app_init ] --END-- [ RunTime:0.000799s ]
INFO: [ app_begin ] --START--
INFO: Run Behavior\ReadHtmlCacheBehavior [ RunTime:0.001354s ]
INFO: [ app_begin ] --END-- [ RunTime:0.001404s ]
SQL: SHOW COLUMNS FROM `tpshop_goods` [ RunTime:0.0188s ]
SQL: SELECT * FROM `tpshop_goods` WHERE `id` = 13 LIMIT 1   [ RunTime:0.0005s ]
SQL: SHOW COLUMNS FROM `tpshop_goodspics` [ RunTime:0.0160s ]
SQL: SELECT * FROM `tpshop_goodspics` WHERE `goods_id` = 13  [ RunTime:0.0003s ]
SQL: SHOW COLUMNS FROM `tpshop_attribute` [ RunTime:0.0138s ]
SQL: SELECT * FROM `tpshop_attribute` WHERE `type_id` = 2  [ RunTime:0.0003s ]
SQL: SHOW COLUMNS FROM `tpshop_goods_attr` [ RunTime:0.0161s ]
SQL: SELECT * FROM `tpshop_goods_attr` WHERE `goods_id` = 13  [ RunTime:0.0004s ]

[ 2018-01-29T23:34:09+08:00 ] 127.0.0.1 /
INFO: [ app_init ] --START--
INFO: Run Behavior\BuildLiteBehavior [ RunTime:0.000011s ]
INFO: [ app_init ] --END-- [ RunTime:0.000661s ]
INFO: [ app_begin ] --START--
INFO: Run Behavior\ReadHtmlCacheBehavior [ RunTime:0.001343s ]
INFO: [ app_begin ] --END-- [ RunTime:0.001390s ]
SQL: SHOW COLUMNS FROM `tpshop_category` [ RunTime:0.0180s ]
SQL: SELECT * FROM `tpshop_category`  [ RunTime:0.0004s ]
SQL: SELECT * FROM `tpshop_category` WHERE `id` = 13 LIMIT 1   [ RunTime:0.0003s ]
SQL: SHOW COLUMNS FROM `tpshop_goods` [ RunTime:0.0168s ]
SQL: SELECT * FROM `tpshop_goods` WHERE `cate_id` = 13 LIMIT 12   [ RunTime:0.0004s ]
INFO: [ view_parse ] --START--
INFO: [ template_filter ] --START--
INFO: Run Behavior\ContentReplaceBehavior [ RunTime:0.000137s ]
INFO: [ template_filter ] --END-- [ RunTime:0.000178s ]
INFO: Run Behavior\ParseTemplateBehavior [ RunTime:0.059151s ]
INFO: [ view_parse ] --END-- [ RunTime:0.059366s ]
INFO: [ view_filter ] --START--
INFO: Run Behavior\WriteHtmlCacheBehavior [ RunTime:0.000837s ]
INFO: [ view_filter ] --END-- [ RunTime:0.000880s ]
INFO: [ app_end ] --START--
INFO: Run Behavior\ShowPageTraceBehavior [ RunTime:0.001383s ]
INFO: [ app_end ] --END-- [ RunTime:0.001444s ]

[ 2018-01-29T23:34:11+08:00 ] 127.0.0.1 /index.php/Home/Index/detail/id/13.html
INFO: [ app_init ] --START--
INFO: Run Behavior\BuildLiteBehavior [ RunTime:0.000011s ]
INFO: [ app_init ] --END-- [ RunTime:0.000616s ]
INFO: [ app_begin ] --START--
INFO: Run Behavior\ReadHtmlCacheBehavior [ RunTime:0.000979s ]
INFO: [ app_begin ] --END-- [ RunTime:0.001019s ]
SQL: SHOW COLUMNS FROM `tpshop_goods` [ RunTime:0.1327s ]
SQL: SELECT * FROM `tpshop_goods` WHERE `id` = 13 LIMIT 1   [ RunTime:0.0004s ]
SQL: SHOW COLUMNS FROM `tpshop_goodspics` [ RunTime:0.0141s ]
SQL: SELECT * FROM `tpshop_goodspics` WHERE `goods_id` = 13  [ RunTime:0.0003s ]
SQL: SHOW COLUMNS FROM `tpshop_attribute` [ RunTime:0.0144s ]
SQL: SELECT * FROM `tpshop_attribute` WHERE `type_id` = 2  [ RunTime:0.0004s ]
SQL: SHOW COLUMNS FROM `tpshop_goods_attr` [ RunTime:0.0157s ]
SQL: SELECT * FROM `tpshop_goods_attr` WHERE `goods_id` = 13  [ RunTime:0.0005s ]

[ 2018-01-29T23:43:32+08:00 ] 127.0.0.1 /index.php/Home
INFO: [ app_init ] --START--
INFO: Run Behavior\BuildLiteBehavior [ RunTime:0.000012s ]
INFO: [ app_init ] --END-- [ RunTime:0.000631s ]
INFO: [ app_begin ] --START--
INFO: Run Behavior\ReadHtmlCacheBehavior [ RunTime:0.000992s ]
INFO: [ app_begin ] --END-- [ RunTime:0.001032s ]
SQL: SHOW COLUMNS FROM `tpshop_category` [ RunTime:0.0274s ]
SQL: SELECT * FROM `tpshop_category`  [ RunTime:0.0005s ]
SQL: SELECT * FROM `tpshop_category` WHERE `id` = 13 LIMIT 1   [ RunTime:0.0006s ]
SQL: SHOW COLUMNS FROM `tpshop_goods` [ RunTime:0.0444s ]
SQL: SELECT * FROM `tpshop_goods` WHERE `cate_id` = 13 LIMIT 12   [ RunTime:0.0005s ]
INFO: [ view_parse ] --START--
INFO: [ template_filter ] --START--
INFO: Run Behavior\ContentReplaceBehavior [ RunTime:0.000163s ]
INFO: [ template_filter ] --END-- [ RunTime:0.000256s ]
INFO: Run Behavior\ParseTemplateBehavior [ RunTime:0.057942s ]
INFO: [ view_parse ] --END-- [ RunTime:0.058033s ]
INFO: [ view_filter ] --START--
INFO: Run Behavior\WriteHtmlCacheBehavior [ RunTime:0.000844s ]
INFO: [ view_filter ] --END-- [ RunTime:0.000874s ]
INFO: [ app_end ] --START--
INFO: Run Behavior\ShowPageTraceBehavior [ RunTime:0.001817s ]
INFO: [ app_end ] --END-- [ RunTime:0.001882s ]

[ 2018-01-29T23:43:40+08:00 ] 127.0.0.1 /index.php/Home/Index/detail/id/38.html
INFO: [ app_init ] --START--
INFO: Run Behavior\BuildLiteBehavior [ RunTime:0.000011s ]
INFO: [ app_init ] --END-- [ RunTime:0.000607s ]
INFO: [ app_begin ] --START--
INFO: Run Behavior\ReadHtmlCacheBehavior [ RunTime:0.001104s ]
INFO: [ app_begin ] --END-- [ RunTime:0.001143s ]
SQL: SHOW COLUMNS FROM `tpshop_goods` [ RunTime:0.0315s ]
SQL: SELECT * FROM `tpshop_goods` WHERE `id` = 38 LIMIT 1   [ RunTime:0.0004s ]
SQL: SHOW COLUMNS FROM `tpshop_goodspics` [ RunTime:0.0155s ]
SQL: SELECT * FROM `tpshop_goodspics` WHERE `goods_id` = 38  [ RunTime:0.0004s ]
SQL: SHOW COLUMNS FROM `tpshop_attribute` [ RunTime:0.0179s ]
SQL: SELECT * FROM `tpshop_attribute` WHERE `type_id` = 2  [ RunTime:0.0003s ]
SQL: SHOW COLUMNS FROM `tpshop_goods_attr` [ RunTime:0.0193s ]
SQL: SELECT * FROM `tpshop_goods_attr` WHERE `goods_id` = 38  [ RunTime:0.0004s ]

[ 2018-01-29T23:44:23+08:00 ] 127.0.0.1 /index.php/Home
INFO: [ app_init ] --START--
INFO: Run Behavior\BuildLiteBehavior [ RunTime:0.000012s ]
INFO: [ app_init ] --END-- [ RunTime:0.000623s ]
INFO: [ app_begin ] --START--
INFO: Run Behavior\ReadHtmlCacheBehavior [ RunTime:0.001068s ]
INFO: [ app_begin ] --END-- [ RunTime:0.001108s ]
SQL: SHOW COLUMNS FROM `tpshop_category` [ RunTime:0.0170s ]
SQL: SELECT * FROM `tpshop_category`  [ RunTime:0.0005s ]
SQL: SELECT * FROM `tpshop_category` WHERE `id` = 13 LIMIT 1   [ RunTime:0.0004s ]
SQL: SHOW COLUMNS FROM `tpshop_goods` [ RunTime:0.0166s ]
SQL: SELECT * FROM `tpshop_goods` WHERE `cate_id` = 13 LIMIT 12   [ RunTime:0.0005s ]
INFO: [ view_parse ] --START--
INFO: [ template_filter ] --START--
INFO: Run Behavior\ContentReplaceBehavior [ RunTime:0.000134s ]
INFO: [ template_filter ] --END-- [ RunTime:0.000173s ]
INFO: Run Behavior\ParseTemplateBehavior [ RunTime:0.057372s ]
INFO: [ view_parse ] --END-- [ RunTime:0.057418s ]
INFO: [ view_filter ] --START--
INFO: Run Behavior\WriteHtmlCacheBehavior [ RunTime:0.000937s ]
INFO: [ view_filter ] --END-- [ RunTime:0.000989s ]
INFO: [ app_end ] --START--
INFO: Run Behavior\ShowPageTraceBehavior [ RunTime:0.001866s ]
INFO: [ app_end ] --END-- [ RunTime:0.001981s ]

[ 2018-01-29T23:44:25+08:00 ] 127.0.0.1 /index.php/Home/Index/detail/id/38.html
INFO: [ app_init ] --START--
INFO: Run Behavior\BuildLiteBehavior [ RunTime:0.000011s ]
INFO: [ app_init ] --END-- [ RunTime:0.000606s ]
INFO: [ app_begin ] --START--
INFO: Run Behavior\ReadHtmlCacheBehavior [ RunTime:0.001030s ]
INFO: [ app_begin ] --END-- [ RunTime:0.001069s ]
SQL: SHOW COLUMNS FROM `tpshop_goods` [ RunTime:0.0256s ]
SQL: SELECT * FROM `tpshop_goods` WHERE `id` = 38 LIMIT 1   [ RunTime:0.0005s ]
SQL: SHOW COLUMNS FROM `tpshop_goodspics` [ RunTime:0.0207s ]
SQL: SELECT * FROM `tpshop_goodspics` WHERE `goods_id` = 38  [ RunTime:0.0004s ]
SQL: SHOW COLUMNS FROM `tpshop_attribute` [ RunTime:0.0178s ]
SQL: SELECT * FROM `tpshop_attribute` WHERE `type_id` = 2  [ RunTime:0.0003s ]
SQL: SHOW COLUMNS FROM `tpshop_goods_attr` [ RunTime:0.0190s ]
SQL: SELECT * FROM `tpshop_goods_attr` WHERE `goods_id` = 38  [ RunTime:0.0003s ]

[ 2018-01-29T23:46:26+08:00 ] 127.0.0.1 /index.php/Home
INFO: [ app_init ] --START--
INFO: Run Behavior\BuildLiteBehavior [ RunTime:0.000011s ]
INFO: [ app_init ] --END-- [ RunTime:0.000651s ]
INFO: [ app_begin ] --START--
INFO: Run Behavior\ReadHtmlCacheBehavior [ RunTime:0.001303s ]
INFO: [ app_begin ] --END-- [ RunTime:0.001386s ]
SQL: SHOW COLUMNS FROM `tpshop_category` [ RunTime:0.0179s ]
SQL: SELECT * FROM `tpshop_category`  [ RunTime:0.0004s ]
SQL: SELECT * FROM `tpshop_category` WHERE `id` = 13 LIMIT 1   [ RunTime:0.0003s ]
SQL: SHOW COLUMNS FROM `tpshop_goods` [ RunTime:0.0169s ]
SQL: SELECT * FROM `tpshop_goods` WHERE `cate_id` = 13 LIMIT 12   [ RunTime:0.0005s ]
INFO: [ view_parse ] --START--
INFO: [ template_filter ] --START--
INFO: Run Behavior\ContentReplaceBehavior [ RunTime:0.000131s ]
INFO: [ template_filter ] --END-- [ RunTime:0.000169s ]
INFO: Run Behavior\ParseTemplateBehavior [ RunTime:0.060164s ]
INFO: [ view_parse ] --END-- [ RunTime:0.060222s ]
INFO: [ view_filter ] --START--
INFO: Run Behavior\WriteHtmlCacheBehavior [ RunTime:0.000849s ]
INFO: [ view_filter ] --END-- [ RunTime:0.000892s ]
INFO: [ app_end ] --START--
INFO: Run Behavior\ShowPageTraceBehavior [ RunTime:0.001676s ]
INFO: [ app_end ] --END-- [ RunTime:0.001734s ]

[ 2018-01-29T23:46:28+08:00 ] 127.0.0.1 /index.php/Home/Index/detail/id/38.html
INFO: [ app_init ] --START--
INFO: Run Behavior\BuildLiteBehavior [ RunTime:0.000011s ]
INFO: [ app_init ] --END-- [ RunTime:0.000580s ]
INFO: [ app_begin ] --START--
INFO: Run Behavior\ReadHtmlCacheBehavior [ RunTime:0.001083s ]
INFO: [ app_begin ] --END-- [ RunTime:0.001170s ]
SQL: SHOW COLUMNS FROM `tpshop_goods` [ RunTime:0.0692s ]
SQL: SELECT * FROM `tpshop_goods` WHERE `id` = 38 LIMIT 1   [ RunTime:0.0006s ]
SQL: SHOW COLUMNS FROM `tpshop_goodspics` [ RunTime:0.0161s ]
SQL: SELECT * FROM `tpshop_goodspics` WHERE `goods_id` = 38  [ RunTime:0.0004s ]
SQL: SHOW COLUMNS FROM `tpshop_attribute` [ RunTime:0.0153s ]
SQL: SELECT * FROM `tpshop_attribute` WHERE `type_id` = 2  [ RunTime:0.0003s ]
SQL: SHOW COLUMNS FROM `tpshop_goods_attr` [ RunTime:0.0174s ]
SQL: SELECT * FROM `tpshop_goods_attr` WHERE `goods_id` = 38  [ RunTime:0.0003s ]
INFO: [ view_parse ] --START--
INFO: [ template_filter ] --START--
INFO: Run Behavior\ContentReplaceBehavior [ RunTime:0.000212s ]
INFO: [ template_filter ] --END-- [ RunTime:0.000259s ]
INFO: Run Behavior\ParseTemplateBehavior [ RunTime:0.063521s ]
INFO: [ view_parse ] --END-- [ RunTime:0.063609s ]
INFO: [ view_filter ] --START--
INFO: Run Behavior\WriteHtmlCacheBehavior [ RunTime:0.001042s ]
INFO: [ view_filter ] --END-- [ RunTime:0.001096s ]
INFO: [ app_end ] --START--
INFO: Run Behavior\ShowPageTraceBehavior [ RunTime:0.001678s ]
INFO: [ app_end ] --END-- [ RunTime:0.001740s ]

[ 2018-01-29T23:46:28+08:00 ] 127.0.0.1 /index.php/Home/Index/detail/id/images/logo.png
INFO: [ app_init ] --START--
INFO: Run Behavior\BuildLiteBehavior [ RunTime:0.000012s ]
INFO: [ app_init ] --END-- [ RunTime:0.000586s ]

[ 2018-01-29T23:46:28+08:00 ] 127.0.0.1 /index.php/Home/Index/detail/id/images/logobig.png
INFO: [ app_init ] --START--
INFO: Run Behavior\BuildLiteBehavior [ RunTime:0.000012s ]
INFO: [ app_init ] --END-- [ RunTime:0.000882s ]

[ 2018-01-29T23:46:28+08:00 ] 127.0.0.1 /index.php/Home/Index/detail/id/images/no-img_mid_.jpg
INFO: [ app_init ] --START--
INFO: Run Behavior\BuildLiteBehavior [ RunTime:0.000053s ]
INFO: [ app_init ] --END-- [ RunTime:0.000721s ]

[ 2018-01-29T23:46:28+08:00 ] 127.0.0.1 /index.php/Home/Index/detail/id/images/wdsc.png
INFO: [ app_init ] --START--
INFO: Run Behavior\BuildLiteBehavior [ RunTime:0.000013s ]
INFO: [ app_init ] --END-- [ RunTime:0.000704s ]

[ 2018-01-29T23:46:28+08:00 ] 127.0.0.1 /index.php/Home/Index/detail/id/images/weixin_code_145.png
INFO: [ app_init ] --START--
INFO: Run Behavior\BuildLiteBehavior [ RunTime:0.000014s ]
INFO: [ app_init ] --END-- [ RunTime:0.000932s ]

[ 2018-01-29T23:46:29+08:00 ] 127.0.0.1 /index.php/Home/Index/detail/id/images/extra.png
INFO: [ app_init ] --START--
INFO: Run Behavior\BuildLiteBehavior [ RunTime:0.000013s ]
INFO: [ app_init ] --END-- [ RunTime:0.000555s ]

[ 2018-01-29T23:53:54+08:00 ] 127.0.0.1 /index.php/Home
INFO: [ app_init ] --START--
INFO: Run Behavior\BuildLiteBehavior [ RunTime:0.000012s ]
INFO: [ app_init ] --END-- [ RunTime:0.000983s ]
INFO: [ app_begin ] --START--
INFO: Run Behavior\ReadHtmlCacheBehavior [ RunTime:0.000986s ]
INFO: [ app_begin ] --END-- [ RunTime:0.001027s ]
SQL: SHOW COLUMNS FROM `tpshop_category` [ RunTime:0.1382s ]
SQL: SELECT * FROM `tpshop_category`  [ RunTime:0.0004s ]
SQL: SELECT * FROM `tpshop_category` WHERE `id` = 13 LIMIT 1   [ RunTime:0.0004s ]
SQL: SHOW COLUMNS FROM `tpshop_goods` [ RunTime:0.0290s ]
SQL: SELECT * FROM `tpshop_goods` WHERE `cate_id` = 13 LIMIT 12   [ RunTime:0.0010s ]
INFO: [ view_parse ] --START--
INFO: [ template_filter ] --START--
INFO: Run Behavior\ContentReplaceBehavior [ RunTime:0.000180s ]
INFO: [ template_filter ] --END-- [ RunTime:0.000224s ]
INFO: Run Behavior\ParseTemplateBehavior [ RunTime:0.065527s ]
INFO: [ view_parse ] --END-- [ RunTime:0.065593s ]
INFO: [ view_filter ] --START--
INFO: Run Behavior\WriteHtmlCacheBehavior [ RunTime:0.001870s ]
INFO: [ view_filter ] --END-- [ RunTime:0.002102s ]
INFO: [ app_end ] --START--
INFO: Run Behavior\ShowPageTraceBehavior [ RunTime:0.001525s ]
INFO: [ app_end ] --END-- [ RunTime:0.001600s ]

[ 2018-01-29T23:53:56+08:00 ] 127.0.0.1 /index.php/Home/Index/detail/id/39.html
INFO: [ app_init ] --START--
INFO: Run Behavior\BuildLiteBehavior [ RunTime:0.000012s ]
INFO: [ app_init ] --END-- [ RunTime:0.000644s ]
INFO: [ app_begin ] --START--
INFO: Run Behavior\ReadHtmlCacheBehavior [ RunTime:0.000932s ]
INFO: [ app_begin ] --END-- [ RunTime:0.000971s ]
SQL: SHOW COLUMNS FROM `tpshop_goods` [ RunTime:0.0195s ]
SQL: SELECT * FROM `tpshop_goods` WHERE `id` = 39 LIMIT 1   [ RunTime:0.0004s ]
SQL: SHOW COLUMNS FROM `tpshop_goodspics` [ RunTime:0.0159s ]
SQL: SELECT * FROM `tpshop_goodspics` WHERE `goods_id` = 39  [ RunTime:0.0004s ]
SQL: SHOW COLUMNS FROM `tpshop_attribute` [ RunTime:0.0162s ]
SQL: SELECT * FROM `tpshop_attribute` WHERE `type_id` = 2  [ RunTime:0.0003s ]
SQL: SHOW COLUMNS FROM `tpshop_goods_attr` [ RunTime:0.0416s ]
SQL: SELECT * FROM `tpshop_goods_attr` WHERE `goods_id` = 39  [ RunTime:0.0004s ]
INFO: [ view_parse ] --START--
INFO: [ template_filter ] --START--
INFO: Run Behavior\ContentReplaceBehavior [ RunTime:0.000179s ]
INFO: [ template_filter ] --END-- [ RunTime:0.000226s ]
INFO: Run Behavior\ParseTemplateBehavior [ RunTime:0.055076s ]
INFO: [ view_parse ] --END-- [ RunTime:0.055129s ]
INFO: [ view_filter ] --START--
INFO: Run Behavior\WriteHtmlCacheBehavior [ RunTime:0.001159s ]
INFO: [ view_filter ] --END-- [ RunTime:0.001216s ]
INFO: [ app_end ] --START--
INFO: Run Behavior\ShowPageTraceBehavior [ RunTime:0.002181s ]
INFO: [ app_end ] --END-- [ RunTime:0.002232s ]

[ 2018-01-29T23:53:56+08:00 ] 127.0.0.1 /index.php/Home/Index/detail/id/images/logo.png
INFO: [ app_init ] --START--
INFO: Run Behavior\BuildLiteBehavior [ RunTime:0.000013s ]
INFO: [ app_init ] --END-- [ RunTime:0.000681s ]

[ 2018-01-29T23:53:56+08:00 ] 127.0.0.1 /index.php/Home/Index/detail/id/images/logobig.png
INFO: [ app_init ] --START--
INFO: Run Behavior\BuildLiteBehavior [ RunTime:0.000013s ]
INFO: [ app_init ] --END-- [ RunTime:0.000686s ]



[ 2018-01-29T23:53:56+08:00 ] 127.0.0.1 /index.php/Home/Index/detail/id/images/wdsc.png
INFO: [ app_init ] --START--
INFO: Run Behavior\BuildLiteBehavior [ RunTime:0.000012s ]
INFO: [ app_init ] --END-- [ RunTime:0.000607s ]

[ 2018-01-29T23:53:56+08:00 ] 127.0.0.1 /index.php/Home/Index/detail/id/images/chongzhi.png
INFO: [ app_init ] --START--
INFO: Run Behavior\BuildLiteBehavior [ RunTime:0.000015s ]
INFO: [ app_init ] --END-- [ RunTime:0.000620s ]

[ 2018-01-29T23:53:56+08:00 ] 127.0.0.1 /index.php/Home/Index/detail/id/images/extra.png
INFO: [ app_init ] --START--
INFO: Run Behavior\BuildLiteBehavior [ RunTime:0.000014s ]
INFO: [ app_init ] --END-- [ RunTime:0.000762s ]

[ 2018-01-29T23:53:56+08:00 ] 127.0.0.1 /index.php/Home/Index/detail/id/images/weixin_code_145.png
INFO: [ app_init ] --START--
INFO: Run Behavior\BuildLiteBehavior [ RunTime:0.000011s ]
INFO: [ app_init ] --END-- [ RunTime:0.000699s ]

[ 2018-01-29T23:55:41+08:00 ] 127.0.0.1 /index.php/Home/Index/detail/id/38.html
INFO: [ app_init ] --START--
INFO: Run Behavior\BuildLiteBehavior [ RunTime:0.000016s ]
INFO: [ app_init ] --END-- [ RunTime:0.000656s ]
INFO: [ app_begin ] --START--
INFO: Run Behavior\ReadHtmlCacheBehavior [ RunTime:0.000981s ]
INFO: [ app_begin ] --END-- [ RunTime:0.001024s ]
SQL: SHOW COLUMNS FROM `tpshop_goods` [ RunTime:0.0218s ]
SQL: SELECT * FROM `tpshop_goods` WHERE `id` = 38 LIMIT 1   [ RunTime:0.0004s ]
SQL: SHOW COLUMNS FROM `tpshop_goodspics` [ RunTime:0.0150s ]
SQL: SELECT * FROM `tpshop_goodspics` WHERE `goods_id` = 38  [ RunTime:0.0003s ]
SQL: SHOW COLUMNS FROM `tpshop_attribute` [ RunTime:0.0147s ]
SQL: SELECT * FROM `tpshop_attribute` WHERE `type_id` = 2  [ RunTime:0.0003s ]
SQL: SHOW COLUMNS FROM `tpshop_goods_attr` [ RunTime:0.0160s ]
SQL: SELECT * FROM `tpshop_goods_attr` WHERE `goods_id` = 38  [ RunTime:0.0003s ]
INFO: [ view_parse ] --START--
INFO: [ template_filter ] --START--
INFO: Run Behavior\ContentReplaceBehavior [ RunTime:0.000203s ]
INFO: [ template_filter ] --END-- [ RunTime:0.000268s ]
INFO: Run Behavior\ParseTemplateBehavior [ RunTime:0.064799s ]
INFO: [ view_parse ] --END-- [ RunTime:0.064859s ]
INFO: [ view_filter ] --START--
INFO: Run Behavior\WriteHtmlCacheBehavior [ RunTime:0.000972s ]
INFO: [ view_filter ] --END-- [ RunTime:0.001003s ]
INFO: [ app_end ] --START--
INFO: Run Behavior\ShowPageTraceBehavior [ RunTime:0.002579s ]
INFO: [ app_end ] --END-- [ RunTime:0.002647s ]

[ 2018-01-29T23:55:41+08:00 ] 127.0.0.1 /index.php/Home/Index/detail/id/images/logo.png
INFO: [ app_init ] --START--
INFO: Run Behavior\BuildLiteBehavior [ RunTime:0.000012s ]
INFO: [ app_init ] --END-- [ RunTime:0.000586s ]

[ 2018-01-29T23:55:41+08:00 ] 127.0.0.1 /index.php/Home/Index/detail/id/images/logobig.png
INFO: [ app_init ] --START--
INFO: Run Behavior\BuildLiteBehavior [ RunTime:0.000016s ]
INFO: [ app_init ] --END-- [ RunTime:0.001080s ]

[ 2018-01-29T23:55:41+08:00 ] 127.0.0.1 /index.php/Home/Index/detail/id/images/no-img_mid_.jpg
INFO: [ app_init ] --START--
INFO: Run Behavior\BuildLiteBehavior [ RunTime:0.000013s ]
INFO: [ app_init ] --END-- [ RunTime:0.000680s ]

[ 2018-01-29T23:55:41+08:00 ] 127.0.0.1 /index.php/Home/Index/detail/id/images/wdsc.png
INFO: [ app_init ] --START--
INFO: Run Behavior\BuildLiteBehavior [ RunTime:0.000011s ]
INFO: [ app_init ] --END-- [ RunTime:0.000735s ]

[ 2018-01-29T23:55:41+08:00 ] 127.0.0.1 /index.php/Home/Index/detail/id/images/weixin_code_145.png
INFO: [ app_init ] --START--
INFO: Run Behavior\BuildLiteBehavior [ RunTime:0.000015s ]
INFO: [ app_init ] --END-- [ RunTime:0.000643s ]

[ 2018-01-29T23:55:41+08:00 ] 127.0.0.1 /index.php/Home/Index/detail/id/images/chongzhi.png
INFO: [ app_init ] --START--
INFO: Run Behavior\BuildLiteBehavior [ RunTime:0.000014s ]
INFO: [ app_init ] --END-- [ RunTime:0.000730s ]

[ 2018-01-29T23:55:41+08:00 ] 127.0.0.1 /index.php/Home/Index/detail/id/images/extra.png
INFO: [ app_init ] --START--
INFO: Run Behavior\BuildLiteBehavior [ RunTime:0.000012s ]
INFO: [ app_init ] --END-- [ RunTime:0.000574s ]

[ 2018-01-29T23:55:57+08:00 ] 127.0.0.1 /index.php/Home/Index/detail/id/39.html
INFO: [ app_init ] --START--
INFO: Run Behavior\BuildLiteBehavior [ RunTime:0.000011s ]
INFO: [ app_init ] --END-- [ RunTime:0.000597s ]
INFO: [ app_begin ] --START--
INFO: Run Behavior\ReadHtmlCacheBehavior [ RunTime:0.001873s ]
INFO: [ app_begin ] --END-- [ RunTime:0.001921s ]
SQL: SHOW COLUMNS FROM `tpshop_goods` [ RunTime:0.1845s ]
SQL: SELECT * FROM `tpshop_goods` WHERE `id` = 39 LIMIT 1   [ RunTime:0.0006s ]
SQL: SHOW COLUMNS FROM `tpshop_goodspics` [ RunTime:0.0153s ]
SQL: SELECT * FROM `tpshop_goodspics` WHERE `goods_id` = 39  [ RunTime:0.0004s ]
SQL: SHOW COLUMNS FROM `tpshop_attribute` [ RunTime:0.0159s ]
SQL: SELECT * FROM `tpshop_attribute` WHERE `type_id` = 2  [ RunTime:0.0003s ]
SQL: SHOW COLUMNS FROM `tpshop_goods_attr` [ RunTime:0.0161s ]
SQL: SELECT * FROM `tpshop_goods_attr` WHERE `goods_id` = 39  [ RunTime:0.0004s ]
INFO: [ view_parse ] --START--
INFO: [ template_filter ] --START--
INFO: Run Behavior\ContentReplaceBehavior [ RunTime:0.000189s ]
INFO: [ template_filter ] --END-- [ RunTime:0.000236s ]
INFO: Run Behavior\ParseTemplateBehavior [ RunTime:0.065694s ]
INFO: [ view_parse ] --END-- [ RunTime:0.065756s ]
INFO: [ view_filter ] --START--
INFO: Run Behavior\WriteHtmlCacheBehavior [ RunTime:0.001222s ]
INFO: [ view_filter ] --END-- [ RunTime:0.001262s ]
INFO: [ app_end ] --START--
INFO: Run Behavior\ShowPageTraceBehavior [ RunTime:0.001287s ]
INFO: [ app_end ] --END-- [ RunTime:0.001352s ]

[ 2018-01-29T23:55:57+08:00 ] 127.0.0.1 /index.php/Home/Index/detail/id/images/logo.png
INFO: [ app_init ] --START--
INFO: Run Behavior\BuildLiteBehavior [ RunTime:0.000013s ]
INFO: [ app_init ] --END-- [ RunTime:0.001126s ]

[ 2018-01-29T23:55:57+08:00 ] 127.0.0.1 /index.php/Home/Index/detail/id/images/logobig.png
INFO: [ app_init ] --START--
INFO: Run Behavior\BuildLiteBehavior [ RunTime:0.000013s ]
INFO: [ app_init ] --END-- [ RunTime:0.000694s ]

[ 2018-01-29T23:55:57+08:00 ] 127.0.0.1 /index.php/Home/Index/detail/id/images/wdsc.png
INFO: [ app_init ] --START--
INFO: Run Behavior\BuildLiteBehavior [ RunTime:0.000012s ]
INFO: [ app_init ] --END-- [ RunTime:0.000947s ]

0685s ]

[ 2018-01-29T23:55:57+08:00 ] 127.0.0.1 /index.php/Home/Index/detail/id/images/chongzhi.png
INFO: [ app_init ] --START--
INFO: Run Behavior\BuildLiteBehavior [ RunTime:0.000028s ]
INFO: [ app_init ] --END-- [ RunTime:0.000749s ]

[ 2018-01-29T23:55:57+08:00 ] 127.0.0.1 /index.php/Home/Index/detail/id/images/no-img_mid_.jpg
INFO: [ app_init ] --START--
INFO: Run Behavior\BuildLiteBehavior [ RunTime:0.000018s ]
INFO: [ app_init ] --END-- [ RunTime:0.000897s ]

[ 2018-01-29T23:55:57+08:00 ] 127.0.0.1 /index.php/Home/Index/detail/id/images/extra.png
INFO: [ app_init ] --START--
INFO: Run Behavior\BuildLiteBehavior [ RunTime:0.000011s ]
INFO: [ app_init ] --END-- [ RunTime:0.000669s ]

[ 2018-01-29T23:56:38+08:00 ] 127.0.0.1 /index.php/Home/Index/detail/id/38.html
INFO: [ app_init ] --START--
INFO: Run Behavior\BuildLiteBehavior [ RunTime:0.000012s ]
INFO: [ app_init ] --END-- [ RunTime:0.000706s ]
INFO: [ app_begin ] --START--
INFO: Run Behavior\ReadHtmlCacheBehavior [ RunTime:0.001059s ]
INFO: [ app_begin ] --END-- [ RunTime:0.001098s ]
SQL: SHOW COLUMNS FROM `tpshop_goods` [ RunTime:0.0623s ]
SQL: SELECT * FROM `tpshop_goods` WHERE `id` = 38 LIMIT 1   [ RunTime:0.0004s ]
SQL: SHOW COLUMNS FROM `tpshop_goodspics` [ RunTime:0.0172s ]
SQL: SELECT * FROM `tpshop_goodspics` WHERE `goods_id` = 38  [ RunTime:0.0003s ]
SQL: SHOW COLUMNS FROM `tpshop_attribute` [ RunTime:0.0141s ]
SQL: SELECT * FROM `tpshop_attribute` WHERE `type_id` = 2  [ RunTime:0.0003s ]
SQL: SHOW COLUMNS FROM `tpshop_goods_attr` [ RunTime:0.0160s ]
SQL: SELECT * FROM `tpshop_goods_attr` WHERE `goods_id` = 38  [ RunTime:0.0004s ]
INFO: [ view_parse ] --START--
INFO: [ template_filter ] --START--
INFO: Run Behavior\ContentReplaceBehavior [ RunTime:0.000171s ]
INFO: [ template_filter ] --END-- [ RunTime:0.000213s ]
INFO: Run Behavior\ParseTemplateBehavior [ RunTime:0.053424s ]
INFO: [ view_parse ] --END-- [ RunTime:0.053470s ]
INFO: [ view_filter ] --START--
INFO: Run Behavior\WriteHtmlCacheBehavior [ RunTime:0.000883s ]
INFO: [ view_filter ] --END-- [ RunTime:0.000913s ]
INFO: [ app_end ] --START--
INFO: Run Behavior\ShowPageTraceBehavior [ RunTime:0.001351s ]
INFO: [ app_end ] --END-- [ RunTime:0.001410s ]

[ 2018-01-29T23:56:38+08:00 ] 127.0.0.1 /index.php/Home/Index/detail/id/images/logo.png
INFO: [ app_init ] --START--
INFO: Run Behavior\BuildLiteBehavior [ RunTime:0.000012s ]
INFO: [ app_init ] --END-- [ RunTime:0.000851s ]

[ 2018-01-29T23:56:38+08:00 ] 127.0.0.1 /index.php/Home/Index/detail/id/images/logobig.png
INFO: [ app_init ] --START--
INFO: Run Behavior\BuildLiteBehavior [ RunTime:0.000013s ]
INFO: [ app_init ] --END-- [ RunTime:0.000670s ]

[ 2018-01-29T23:56:38+08:00 ] 127.0.0.1 /index.php/Home/Index/detail/id/images/wdsc.png
INFO: [ app_init ] --START--
INFO: Run Behavior\BuildLiteBehavior [ RunTime:0.000013s ]
INFO: [ app_init ] --END-- [ RunTime:0.000807s ]

s ]

[ 2018-01-29T23:56:38+08:00 ] 127.0.0.1 /index.php/Home/Index/detail/id/images/weixin_code_145.png
INFO: [ app_init ] --START--
INFO: Run Behavior\BuildLiteBehavior [ RunTime:0.000012s ]
INFO: [ app_init ] --END-- [ RunTime:0.000684s ]

[ 2018-01-29T23:56:38+08:00 ] 127.0.0.1 /index.php/Home/Index/detail/id/images/chongzhi.png
INFO: [ app_init ] --START--
INFO: Run Behavior\BuildLiteBehavior [ RunTime:0.000047s ]
INFO: [ app_init ] --END-- [ RunTime:0.001868s ]

[ 2018-01-29T23:56:38+08:00 ] 127.0.0.1 /index.php/Home/Index/detail/id/images/extra.png
INFO: [ app_init ] --START--
INFO: Run Behavior\BuildLiteBehavior [ RunTime:0.000013s ]
INFO: [ app_init ] --END-- [ RunTime:0.000786s ]

[ 2018-01-29T23:58:52+08:00 ] 127.0.0.1 /index.php/Home
INFO: [ app_init ] --START--
INFO: Run Behavior\BuildLiteBehavior [ RunTime:0.000012s ]
INFO: [ app_init ] --END-- [ RunTime:0.000637s ]
INFO: [ app_begin ] --START--
INFO: Run Behavior\ReadHtmlCacheBehavior [ RunTime:0.000939s ]
INFO: [ app_begin ] --END-- [ RunTime:0.000981s ]
SQL: SHOW COLUMNS FROM `tpshop_category` [ RunTime:0.0177s ]
SQL: SELECT * FROM `tpshop_category`  [ RunTime:0.0007s ]
SQL: SELECT * FROM `tpshop_category` WHERE `id` = 13 LIMIT 1   [ RunTime:0.0005s ]
SQL: SHOW COLUMNS FROM `tpshop_goods` [ RunTime:0.0166s ]
SQL: SELECT * FROM `tpshop_goods` WHERE `cate_id` = 13 LIMIT 12   [ RunTime:0.0004s ]
INFO: [ view_parse ] --START--
INFO: [ template_filter ] --START--
INFO: Run Behavior\ContentReplaceBehavior [ RunTime:0.000135s ]
INFO: [ template_filter ] --END-- [ RunTime:0.000173s ]
INFO: Run Behavior\ParseTemplateBehavior [ RunTime:0.056673s ]
INFO: [ view_parse ] --END-- [ RunTime:0.056719s ]
INFO: [ view_filter ] --START--
INFO: Run Behavior\WriteHtmlCacheBehavior [ RunTime:0.000800s ]
INFO: [ view_filter ] --END-- [ RunTime:0.000832s ]
INFO: [ app_end ] --START--
INFO: Run Behavior\ShowPageTraceBehavior [ RunTime:0.001507s ]
INFO: [ app_end ] --END-- [ RunTime:0.001558s ]

[ 2018-01-29T23:58:54+08:00 ] 127.0.0.1 /index.php/Home/Index/detail/id/38.html
INFO: [ app_init ] --START--
INFO: Run Behavior\BuildLiteBehavior [ RunTime:0.000011s ]
INFO: [ app_init ] --END-- [ RunTime:0.000615s ]
INFO: [ app_begin ] --START--
INFO: Run Behavior\ReadHtmlCacheBehavior [ RunTime:0.000913s ]
INFO: [ app_begin ] --END-- [ RunTime:0.000952s ]
SQL: SHOW COLUMNS FROM `tpshop_goods` [ RunTime:0.0203s ]
SQL: SELECT * FROM `tpshop_goods` WHERE `id` = 38 LIMIT 1   [ RunTime:0.0004s ]
SQL: SHOW COLUMNS FROM `tpshop_goodspics` [ RunTime:0.0345s ]
SQL: SELECT * FROM `tpshop_goodspics` WHERE `goods_id` = 38  [ RunTime:0.0004s ]

