[ 2018-02-02T19:05:16+08:00 ] 127.0.0.1 /Home/Test/kuaidi
INFO: [ app_init ] --START--
INFO: Run Behavior\BuildLiteBehavior [ RunTime:0.000012s ]
INFO: [ app_init ] --END-- [ RunTime:0.000653s ]
INFO: [ app_begin ] --START--
INFO: Run Behavior\ReadHtmlCacheBehavior [ RunTime:0.001097s ]
INFO: [ app_begin ] --END-- [ RunTime:0.001158s ]

[ 2018-02-02T19:18:32+08:00 ] 127.0.0.1 /Home/Test/kuaidi
INFO: [ app_init ] --START--
INFO: Run Behavior\BuildLiteBehavior [ RunTime:0.000012s ]
INFO: [ app_init ] --END-- [ RunTime:0.000794s ]
INFO: [ app_begin ] --START--
INFO: Run Behavior\ReadHtmlCacheBehavior [ RunTime:0.001004s ]
INFO: [ app_begin ] --END-- [ RunTime:0.001044s ]
NOTIC: [8] Undefined index: content F:\www\tpshop\Application\Home\Controller\TestController.class.php 第 43 行.
NOTIC: [8] Undefined index: content F:\www\tpshop\Application\Home\Controller\TestController.class.php 第 43 行.
NOTIC: [8] Undefined index: content F:\www\tpshop\Application\Home\Controller\TestController.class.php 第 43 行.
NOTIC: [8] Undefined index: content F:\www\tpshop\Application\Home\Controller\TestController.class.php 第 43 行.
NOTIC: [8] Undefined index: content F:\www\tpshop\Application\Home\Controller\TestController.class.php 第 43 行.
NOTIC: [8] Undefined index: content F:\www\tpshop\Application\Home\Controller\TestController.class.php 第 43 行.
NOTIC: [8] Undefined index: content F:\www\tpshop\Application\Home\Controller\TestController.class.php 第 43 行.
NOTIC: [8] Undefined index: content F:\www\tpshop\Application\Home\Controller\TestController.class.php 第 43 行.
NOTIC: [8] Undefined index: content F:\www\tpshop\Application\Home\Controller\TestController.class.php 第 43 行.
NOTIC: [8] Undefined index: content F:\www\tpshop\Application\Home\Controller\TestController.class.php 第 43 行.
INFO: [ app_end ] --START--
INFO: Run Behavior\ShowPageTraceBehavior [ RunTime:0.001369s ]
INFO: [ app_end ] --END-- [ RunTime:0.001447s ]

[ 2018-02-02T19:18:42+08:00 ] 127.0.0.1 /Home/Test/kuaidi
INFO: [ app_init ] --START--
INFO: Run Behavior\BuildLiteBehavior [ RunTime:0.000012s ]
INFO: [ app_init ] --END-- [ RunTime:0.000702s ]
INFO: [ app_begin ] --START--
INFO: Run Behavior\ReadHtmlCacheBehavior [ RunTime:0.001773s ]
INFO: [ app_begin ] --END-- [ RunTime:0.001817s ]
INFO: [ app_end ] --START--
INFO: Run Behavior\ShowPageTraceBehavior [ RunTime:0.001066s ]
INFO: [ app_end ] --END-- [ RunTime:0.001115s ]

[ 2018-02-02T21:12:33+08:00 ] 127.0.0.1 /
INFO: [ app_init ] --START--
INFO: Run Behavior\BuildLiteBehavior [ RunTime:0.000012s ]
INFO: [ app_init ] --END-- [ RunTime:0.000704s ]
INFO: [ app_begin ] --START--
INFO: Run Behavior\ReadHtmlCacheBehavior [ RunTime:0.001403s ]
INFO: [ app_begin ] --END-- [ RunTime:0.001479s ]
SQL: SHOW COLUMNS FROM `tpshop_category` [ RunTime:0.1515s ]
SQL: SELECT * FROM `tpshop_category`  [ RunTime:0.0011s ]
SQL: SELECT * FROM `tpshop_category` WHERE `id` = 13 LIMIT 1   [ RunTime:0.0004s ]
SQL: SHOW COLUMNS FROM `tpshop_goods` [ RunTime:0.1451s ]
SQL: SELECT * FROM `tpshop_goods` WHERE `cate_id` = 13 LIMIT 12   [ RunTime:0.0005s ]
INFO: [ view_parse ] --START--
INFO: [ template_filter ] --START--
INFO: Run Behavior\ContentReplaceBehavior [ RunTime:0.000195s ]
INFO: [ template_filter ] --END-- [ RunTime:0.000238s ]
NOTIC: [8] Undefined index: user_info F:\www\tpshop\Application\Runtime\Cache\Home\2a94b8bda04ff446dcedd42276fc99ee.php 第 28 行.
INFO: Run Behavior\ParseTemplateBehavior [ RunTime:0.120264s ]
INFO: [ view_parse ] --END-- [ RunTime:0.120305s ]
INFO: [ view_filter ] --START--
INFO: Run Behavior\WriteHtmlCacheBehavior [ RunTime:0.000694s ]
INFO: [ view_filter ] --END-- [ RunTime:0.000741s ]
INFO: [ app_end ] --START--
INFO: Run Behavior\ShowPageTraceBehavior [ RunTime:0.000949s ]
INFO: [ app_end ] --END-- [ RunTime:0.001010s ]

[ 2018-02-02T21:12:36+08:00 ] 127.0.0.1 /index.php/Home/User/register.html
INFO: [ app_init ] --START--
INFO: Run Behavior\BuildLiteBehavior [ RunTime:0.000011s ]
INFO: [ app_init ] --END-- [ RunTime:0.000679s ]
INFO: [ app_begin ] --START--
INFO: Run Behavior\ReadHtmlCacheBehavior [ RunTime:0.001842s ]
INFO: [ app_begin ] --END-- [ RunTime:0.001888s ]
INFO: [ view_parse ] --START--
INFO: [ template_filter ] --START--
INFO: Run Behavior\ContentReplaceBehavior [ RunTime:0.000044s ]
INFO: [ template_filter ] --END-- [ RunTime:0.000085s ]
INFO: Run Behavior\ParseTemplateBehavior [ RunTime:0.025734s ]
INFO: [ view_parse ] --END-- [ RunTime:0.025791s ]
INFO: [ view_filter ] --START--
INFO: Run Behavior\WriteHtmlCacheBehavior [ RunTime:0.001069s ]
INFO: [ view_filter ] --END-- [ RunTime:0.001117s ]
INFO: [ app_end ] --START--
INFO: Run Behavior\ShowPageTraceBehavior [ RunTime:0.001656s ]
INFO: [ app_end ] --END-- [ RunTime:0.001705s ]

[ 2018-02-02T21:12:50+08:00 ] 127.0.0.1 /index.php/Home/Api/sendmsg
INFO: [ app_init ] --START--
INFO: Run Behavior\BuildLiteBehavior [ RunTime:0.000012s ]
INFO: [ app_init ] --END-- [ RunTime:0.000662s ]
INFO: [ app_begin ] --START--
INFO: Run Behavior\ReadHtmlCacheBehavior [ RunTime:0.000915s ]
INFO: [ app_begin ] --END-- [ RunTime:0.000953s ]

[ 2018-02-02T21:14:44+08:00 ] 127.0.0.1 /index.php/Home/User/register.html
INFO: [ app_init ] --START--
INFO: Run Behavior\BuildLiteBehavior [ RunTime:0.000014s ]
INFO: [ app_init ] --END-- [ RunTime:0.000608s ]
INFO: [ app_begin ] --START--
INFO: Run Behavior\ReadHtmlCacheBehavior [ RunTime:0.000799s ]
INFO: [ app_begin ] --END-- [ RunTime:0.000866s ]
INFO: [ view_parse ] --START--
INFO: [ template_filter ] --START--
INFO: Run Behavior\ContentReplaceBehavior [ RunTime:0.000046s ]
INFO: [ template_filter ] --END-- [ RunTime:0.000088s ]
INFO: Run Behavior\ParseTemplateBehavior [ RunTime:0.026894s ]
INFO: [ view_parse ] --END-- [ RunTime:0.026943s ]
INFO: [ view_filter ] --START--
INFO: Run Behavior\WriteHtmlCacheBehavior [ RunTime:0.000859s ]
INFO: [ view_filter ] --END-- [ RunTime:0.000927s ]
INFO: [ app_end ] --START--
INFO: Run Behavior\ShowPageTraceBehavior [ RunTime:0.001120s ]
INFO: [ app_end ] --END-- [ RunTime:0.001197s ]

[ 2018-02-02T21:14:53+08:00 ] 127.0.0.1 /index.php/Home/Api/sendmsg
INFO: [ app_init ] --START--
INFO: Run Behavior\BuildLiteBehavior [ RunTime:0.000012s ]
INFO: [ app_init ] --END-- [ RunTime:0.000598s ]
INFO: [ app_begin ] --START--
INFO: Run Behavior\ReadHtmlCacheBehavior [ RunTime:0.000981s ]
INFO: [ app_begin ] --END-- [ RunTime:0.001024s ]

[ 2018-02-02T21:15:37+08:00 ] 127.0.0.1 /index.php/Home/User/register.html
INFO: [ app_init ] --START--
INFO: Run Behavior\BuildLiteBehavior [ RunTime:0.000011s ]
INFO: [ app_init ] --END-- [ RunTime:0.000664s ]
INFO: [ app_begin ] --START--
INFO: Run Behavior\ReadHtmlCacheBehavior [ RunTime:0.001300s ]
INFO: [ app_begin ] --END-- [ RunTime:0.001385s ]
INFO: [ view_parse ] --START--
INFO: [ template_filter ] --START--
INFO: Run Behavior\ContentReplaceBehavior [ RunTime:0.000045s ]
INFO: [ template_filter ] --END-- [ RunTime:0.000083s ]
INFO: Run Behavior\ParseTemplateBehavior [ RunTime:0.009481s ]
INFO: [ view_parse ] --END-- [ RunTime:0.009528s ]
INFO: [ view_filter ] --START--
INFO: Run Behavior\WriteHtmlCacheBehavior [ RunTime:0.000775s ]
INFO: [ view_filter ] --END-- [ RunTime:0.000805s ]
INFO: [ app_end ] --START--
INFO: Run Behavior\ShowPageTraceBehavior [ RunTime:0.001120s ]
INFO: [ app_end ] --END-- [ RunTime:0.001155s ]

[ 2018-02-02T21:15:49+08:00 ] 127.0.0.1 /index.php/Home/Api/sendmsg
INFO: [ app_init ] --START--
INFO: Run Behavior\BuildLiteBehavior [ RunTime:0.000012s ]
INFO: [ app_init ] --END-- [ RunTime:0.000623s ]
INFO: [ app_begin ] --START--
INFO: Run Behavior\ReadHtmlCacheBehavior [ RunTime:0.000912s ]
INFO: [ app_begin ] --END-- [ RunTime:0.000950s ]

[ 2018-02-02T21:16:28+08:00 ] 127.0.0.1 /index.php/Home/User/register.html
INFO: [ app_init ] --START--
INFO: Run Behavior\BuildLiteBehavior [ RunTime:0.000012s ]
INFO: [ app_init ] --END-- [ RunTime:0.000616s ]
INFO: [ app_begin ] --START--
INFO: Run Behavior\ReadHtmlCacheBehavior [ RunTime:0.001494s ]
INFO: [ app_begin ] --END-- [ RunTime:0.001596s ]
INFO: [ view_parse ] --START--
INFO: [ template_filter ] --START--
INFO: Run Behavior\ContentReplaceBehavior [ RunTime:0.000045s ]
INFO: [ template_filter ] --END-- [ RunTime:0.000099s ]
INFO: Run Behavior\ParseTemplateBehavior [ RunTime:0.025729s ]
INFO: [ view_parse ] --END-- [ RunTime:0.025782s ]
INFO: [ view_filter ] --START--
INFO: Run Behavior\WriteHtmlCacheBehavior [ RunTime:0.000652s ]
INFO: [ view_filter ] --END-- [ RunTime:0.000682s ]
INFO: [ app_end ] --START--
INFO: Run Behavior\ShowPageTraceBehavior [ RunTime:0.000879s ]
INFO: [ app_end ] --END-- [ RunTime:0.000912s ]

[ 2018-02-02T21:16:41+08:00 ] 127.0.0.1 /index.php/Home/Api/sendmsg
INFO: [ app_init ] --START--
INFO: Run Behavior\BuildLiteBehavior [ RunTime:0.000014s ]
INFO: [ app_init ] --END-- [ RunTime:0.000643s ]
INFO: [ app_begin ] --START--
INFO: Run Behavior\ReadHtmlCacheBehavior [ RunTime:0.000794s ]
INFO: [ app_begin ] --END-- [ RunTime:0.000831s ]

[ 2018-02-02T21:17:59+08:00 ] 127.0.0.1 /index.php/Home/User/register.html
INFO: [ app_init ] --START--
INFO: Run Behavior\BuildLiteBehavior [ RunTime:0.000014s ]
INFO: [ app_init ] --END-- [ RunTime:0.001219s ]
INFO: [ app_begin ] --START--
INFO: Run Behavior\ReadHtmlCacheBehavior [ RunTime:0.001213s ]
INFO: [ app_begin ] --END-- [ RunTime:0.001260s ]
INFO: [ view_parse ] --START--
INFO: [ template_filter ] --START--
INFO: Run Behavior\ContentReplaceBehavior [ RunTime:0.000067s ]
INFO: [ template_filter ] --END-- [ RunTime:0.000121s ]
INFO: Run Behavior\ParseTemplateBehavior [ RunTime:0.110159s ]
INFO: [ view_parse ] --END-- [ RunTime:0.110208s ]
INFO: [ view_filter ] --START--
INFO: Run Behavior\WriteHtmlCacheBehavior [ RunTime:0.000975s ]
INFO: [ view_filter ] --END-- [ RunTime:0.001007s ]
INFO: [ app_end ] --START--
INFO: Run Behavior\ShowPageTraceBehavior [ RunTime:0.001207s ]
INFO: [ app_end ] --END-- [ RunTime:0.001237s ]

[ 2018-02-02T21:18:09+08:00 ] 127.0.0.1 /index.php/Home/Api/sendmsg
INFO: [ app_init ] --START--
INFO: Run Behavior\BuildLiteBehavior [ RunTime:0.000011s ]
INFO: [ app_init ] --END-- [ RunTime:0.000747s ]
INFO: [ app_begin ] --START--
INFO: Run Behavior\ReadHtmlCacheBehavior [ RunTime:0.001153s ]
INFO: [ app_begin ] --END-- [ RunTime:0.001200s ]

[ 2018-02-02T21:26:43+08:00 ] 127.0.0.1 /index.php/Home/User/register.html
INFO: [ app_init ] --START--
INFO: Run Behavior\BuildLiteBehavior [ RunTime:0.000014s ]
INFO: [ app_init ] --END-- [ RunTime:0.000745s ]
INFO: [ app_begin ] --START--
INFO: Run Behavior\ReadHtmlCacheBehavior [ RunTime:0.001077s ]
INFO: [ app_begin ] --END-- [ RunTime:0.001135s ]
INFO: [ view_parse ] --START--
INFO: [ template_filter ] --START--
INFO: Run Behavior\ContentReplaceBehavior [ RunTime:0.000047s ]
INFO: [ template_filter ] --END-- [ RunTime:0.000093s ]
INFO: Run Behavior\ParseTemplateBehavior [ RunTime:0.025816s ]
INFO: [ view_parse ] --END-- [ RunTime:0.025885s ]
INFO: [ view_filter ] --START--
INFO: Run Behavior\WriteHtmlCacheBehavior [ RunTime:0.000840s ]
INFO: [ view_filter ] --END-- [ RunTime:0.000870s ]
INFO: [ app_end ] --START--
INFO: Run Behavior\ShowPageTraceBehavior [ RunTime:0.000974s ]
INFO: [ app_end ] --END-- [ RunTime:0.001008s ]

[ 2018-02-02T21:26:45+08:00 ] 127.0.0.1 /index.php/Home/Api/sendmsg
INFO: [ app_init ] --START--
INFO: Run Behavior\BuildLiteBehavior [ RunTime:0.000013s ]
INFO: [ app_init ] --END-- [ RunTime:0.000738s ]
INFO: [ app_begin ] --START--
INFO: Run Behavior\ReadHtmlCacheBehavior [ RunTime:0.000937s ]
INFO: [ app_begin ] --END-- [ RunTime:0.000992s ]

[ 2018-02-02T21:26:49+08:00 ] 127.0.0.1 /index.php/Home/User/register.html
INFO: [ app_init ] --START--
INFO: Run Behavior\BuildLiteBehavior [ RunTime:0.000017s ]
INFO: [ app_init ] --END-- [ RunTime:0.000585s ]
INFO: [ app_begin ] --START--
INFO: Run Behavior\ReadHtmlCacheBehavior [ RunTime:0.000900s ]
INFO: [ app_begin ] --END-- [ RunTime:0.000941s ]
INFO: [ view_parse ] --START--
INFO: [ template_filter ] --START--
INFO: Run Behavior\ContentReplaceBehavior [ RunTime:0.000044s ]
INFO: [ template_filter ] --END-- [ RunTime:0.000086s ]
INFO: Run Behavior\ParseTemplateBehavior [ RunTime:0.008774s ]
INFO: [ view_parse ] --END-- [ RunTime:0.008821s ]
INFO: [ view_filter ] --START--
INFO: Run Behavior\WriteHtmlCacheBehavior [ RunTime:0.000978s ]
INFO: [ view_filter ] --END-- [ RunTime:0.001011s ]
INFO: [ app_end ] --START--
INFO: Run Behavior\ShowPageTraceBehavior [ RunTime:0.000944s ]
INFO: [ app_end ] --END-- [ RunTime:0.000975s ]

[ 2018-02-02T21:26:52+08:00 ] 127.0.0.1 /index.php/Home/Api/sendmsg
INFO: [ app_init ] --START--
INFO: Run Behavior\BuildLiteBehavior [ RunTime:0.000011s ]
INFO: [ app_init ] --END-- [ RunTime:0.000567s ]
INFO: [ app_begin ] --START--
INFO: Run Behavior\ReadHtmlCacheBehavior [ RunTime:0.000778s ]
INFO: [ app_begin ] --END-- [ RunTime:0.000816s ]

[ 2018-02-02T21:28:14+08:00 ] 127.0.0.1 /index.php/Home/User/register.html
INFO: [ app_init ] --START--
INFO: Run Behavior\BuildLiteBehavior [ RunTime:0.000016s ]
INFO: [ app_init ] --END-- [ RunTime:0.000766s ]
INFO: [ app_begin ] --START--
INFO: Run Behavior\ReadHtmlCacheBehavior [ RunTime:0.001415s ]
INFO: [ app_begin ] --END-- [ RunTime:0.001477s ]
INFO: [ view_parse ] --START--
INFO: [ template_filter ] --START--
INFO: Run Behavior\ContentReplaceBehavior [ RunTime:0.000053s ]
INFO: [ template_filter ] --END-- [ RunTime:0.000215s ]
INFO: Run Behavior\ParseTemplateBehavior [ RunTime:0.028468s ]
INFO: [ view_parse ] --END-- [ RunTime:0.028527s ]
INFO: [ view_filter ] --START--
INFO: Run Behavior\WriteHtmlCacheBehavior [ RunTime:0.001073s ]
INFO: [ view_filter ] --END-- [ RunTime:0.001104s ]
INFO: [ app_end ] --START--
INFO: Run Behavior\ShowPageTraceBehavior [ RunTime:0.001171s ]
INFO: [ app_end ] --END-- [ RunTime:0.001203s ]

[ 2018-02-02T21:28:16+08:00 ] 127.0.0.1 /index.php/Home/Api/sendmsg
INFO: [ app_init ] --START--
INFO: Run Behavior\BuildLiteBehavior [ RunTime:0.000013s ]
INFO: [ app_init ] --END-- [ RunTime:0.000976s ]
INFO: [ app_begin ] --START--
INFO: Run Behavior\ReadHtmlCacheBehavior [ RunTime:0.001120s ]
INFO: [ app_begin ] --END-- [ RunTime:0.001167s ]

