[ 2018-01-18T16:04:38+08:00 ] 127.0.0.1 /images/ad2.jpg
INFO: [ app_init ] --START--
INFO: Run Behavior\BuildLiteBehavior [ RunTime:0.000013s ]
INFO: [ app_init ] --END-- [ RunTime:0.001089s ]
ERR: 无法加载模块:Images

[ 2018-01-18T16:04:38+08:00 ] 127.0.0.1 /images/ad4.jpg
INFO: [ app_init ] --START--
INFO: Run Behavior\BuildLiteBehavior [ RunTime:0.000017s ]
INFO: [ app_init ] --END-- [ RunTime:0.001589s ]
ERR: 无法加载模块:Images

[ 2018-01-18T16:04:38+08:00 ] 127.0.0.1 /images/ad3.jpg
INFO: [ app_init ] --START--
INFO: Run Behavior\BuildLiteBehavior [ RunTime:0.000013s ]
INFO: [ app_init ] --END-- [ RunTime:0.001758s ]
ERR: 无法加载模块:Images

[ 2018-01-18T16:04:38+08:00 ] 127.0.0.1 /images/ad1.jpg
INFO: [ app_init ] --START--
INFO: Run Behavior\BuildLiteBehavior [ RunTime:0.000044s ]
INFO: [ app_init ] --END-- [ RunTime:0.013766s ]
ERR: 无法加载模块:Images


[ 2018-01-18T16:04:38+08:00 ] 127.0.0.1 /images/logobig.png
INFO: [ app_init ] --START--
INFO: Run Behavior\BuildLiteBehavior [ RunTime:0.000013s ]
INFO: [ app_init ] --END-- [ RunTime:0.000659s ]
ERR: 无法加载模块:Images

[ 2018-01-18T16:04:38+08:00 ] 127.0.0.1 /images/cake.png
INFO: [ app_init ] --START--
INFO: Run Behavior\BuildLiteBehavior [ RunTime:0.000016s ]
INFO: [ app_init ] --END-- [ RunTime:0.000736s ]
ERR: 无法加载模块:Images

[ 2018-01-18T16:04:38+08:00 ] 127.0.0.1 /images/cookies.png
INFO: [ app_init ] --START--
INFO: Run Behavior\BuildLiteBehavior [ RunTime:0.000014s ]
INFO: [ app_init ] --END-- [ RunTime:0.000648s ]
ERR: 无法加载模块:Images

[ 2018-01-18T16:04:38+08:00 ] 127.0.0.1 /images/nut.png
INFO: [ app_init ] --START--
INFO: Run Behavior\BuildLiteBehavior [ RunTime:0.000016s ]
INFO: [ app_init ] --END-- [ RunTime:0.000841s ]
ERR: 无法加载模块:Images

[ 2018-01-18T16:04:38+08:00 ] 127.0.0.1 /images/bamboo.png
INFO: [ app_init ] --START--
INFO: Run Behavior\BuildLiteBehavior [ RunTime:0.000012s ]
INFO: [ app_init ] --END-- [ RunTime:0.000812s ]
ERR: 无法加载模块:Images

[ 2018-01-18T16:04:38+08:00 ] 127.0.0.1 /images/meat.png
INFO: [ app_init ] --START--
INFO: Run Behavior\BuildLiteBehavior [ RunTime:0.000014s ]
INFO: [ app_init ] --END-- [ RunTime:0.000592s ]
ERR: 无法加载模块:Images

[ 2018-01-18T16:04:38+08:00 ] 127.0.0.1 /images/fish.png
INFO: [ app_init ] --START--
INFO: Run Behavior\BuildLiteBehavior [ RunTime:0.000015s ]
INFO: [ app_init ] --END-- [ RunTime:0.001199s ]
ERR: 无法加载模块:Images

[ 2018-01-18T16:04:38+08:00 ] 127.0.0.1 /images/TJ.jpg
INFO: [ app_init ] --START--
INFO: Run Behavior\BuildLiteBehavior [ RunTime:0.000020s ]
INFO: [ app_init ] --END-- [ RunTime:0.001049s ]
ERR: 无法加载模块:Images



[ 2018-01-18T16:04:38+08:00 ] 127.0.0.1 /images/tea.png
INFO: [ app_init ] --START--
INFO: Run Behavior\BuildLiteBehavior [ RunTime:0.000013s ]
INFO: [ app_init ] --END-- [ RunTime:0.000809s ]
ERR: 无法加载模块:Images

[ 2018-01-18T16:04:38+08:00 ] 127.0.0.1 /images/chocolate.png
INFO: [ app_init ] --START--
INFO: Run Behavior\BuildLiteBehavior [ RunTime:0.000018s ]
INFO: [ app_init ] --END-- [ RunTime:0.001029s ]
ERR: 无法加载模块:Images

[ 2018-01-18T16:04:38+08:00 ] 127.0.0.1 /images/package.png
INFO: [ app_init ] --START--
INFO: Run Behavior\BuildLiteBehavior [ RunTime:0.000013s ]
INFO: [ app_init ] --END-- [ RunTime:0.000561s ]
ERR: 无法加载模块:Images

[ 2018-01-18T16:04:38+08:00 ] 127.0.0.1 /images/2016.png
INFO: [ app_init ] --START--
INFO: Run Behavior\BuildLiteBehavior [ RunTime:0.000014s ]
INFO: [ app_init ] --END-- [ RunTime:0.001184s ]
ERR: 无法加载模块:Images

[ 2018-01-18T16:04:38+08:00 ] 127.0.0.1 /images/tj1.png
INFO: [ app_init ] --START--
INFO: Run Behavior\BuildLiteBehavior [ RunTime:0.000013s ]
INFO: [ app_init ] --END-- [ RunTime:0.001047s ]
ERR: 无法加载模块:Images
[[ 2018-01-18T16:04:38+08:00 ] 127.0.0.1 /images/advTip.jpg
INFO: [ app_init ] --START--
INFO: Run Behavior\BuildLiteBehavior [ RunTime:0.000013s ]
INFO: [ app_init ] --END-- [ RunTime:0.001012s ]
ERR: 无法加载模块:Images

es

[ 2018-01-18T16:04:39+08:00 ] 127.0.0.1 /images/act3.png
INFO: [ app_init ] --START--
INFO: Run Behavior\BuildLiteBehavior [ RunTime:0.000016s ]
INFO: [ app_init ] --END-- [ RunTime:0.001280s ]
ERR: 无法加载模块:Images

[ 2018-01-18T16:04:39+08:00 ] 127.0.0.1 /images/activity1.jpg
INFO: [ app_init ] --START--
INFO: Run Behavior\BuildLiteBehavior [ RunTime:0.000012s ]
INFO: [ app_init ] --END-- [ RunTime:0.000868s ]
ERR: 无法加载模块:Images

[ 2018-01-18T16:04:39+08:00 ] 127.0.0.1 /images/act2.png
INFO: [ app_init ] --START--
INFO: Run Behavior\BuildLiteBehavior [ RunTime:0.000014s ]
INFO: [ app_init ] --END-- [ RunTime:0.000603s ]
ERR: 无法加载模块:Images

[ 2018-01-18T16:04:39+08:00 ] 127.0.0.1 /images/cp.jpg
INFO: [ app_init ] --START--
INFO: Run Behavior\BuildLiteBehavior [ RunTime:0.000014s ]
INFO: [ app_init ] --END-- [ RunTime:0.000715s ]
ERR: 无法加载模块:Images

[ 2018-01-18T16:04:39+08:00 ] 127.0.0.1 /images/wdsc.png
INFO: [ app_init ] --START--
INFO: Run Behavior\BuildLiteBehavior [ RunTime:0.000014s ]
INFO: [ app_init ] --END-- [ RunTime:0.001180s ]
ERR: 无法加载模块:Images[ 2018-01-18T16:04:39+08:00 ] 127.0.0.1 /images/ad4.jpg
INFO: [ app_init ] --START--
INFO: Run Behavior\BuildLiteBehavior [ RunTime:0.000018s ]
INFO: [ app_init ] --END-- [ RunTime:0.000678s ]
ERR: 无法加载模块:Images

[ 2018-01-18T16:04:39+08:00 ] 127.0.0.1 /images/no-img_mid_.jpg
INFO: [ app_init ] --START--
INFO: Run Behavior\BuildLiteBehavior [ RunTime:0.000014s ]
INFO: [ app_init ] --END-- [ RunTime:0.000701s ]
ERR: 无法加载模块:Images

[ 2018-01-18T16:04:39+08:00 ] 127.0.0.1 /images/chongzhi.png
INFO: [ app_init ] --START--
INFO: Run Behavior\BuildLiteBehavior [ RunTime:0.000014s ]
INFO: [ app_init ] --END-- [ RunTime:0.000628s ]
ERR: 无法加载模块:Images

[ 2018-01-18T16:04:39+08:00 ] 127.0.0.1 /images/weixin_code_145.png
INFO: [ app_init ] --START--
INFO: Run Behavior\BuildLiteBehavior [ RunTime:0.000013s ]
INFO: [ app_init ] --END-- [ RunTime:0.000827s ]
ERR: 无法加载模块:Images

[ 2018-01-18T16:04:43+08:00 ] 127.0.0.1 /images/extra.png
INFO: [ app_init ] --START--
INFO: Run Behavior\BuildLiteBehavior [ RunTime:0.000018s ]
INFO: [ app_init ] --END-- [ RunTime:0.000702s ]
ERR: 无法加载模块:Images

[ 2018-01-18T16:06:01+08:00 ] 127.0.0.1 /images/logo.png
INFO: [ app_init ] --START--
INFO: Run Behavior\BuildLiteBehavior [ RunTime:0.000012s ]
INFO: [ app_init ] --END-- [ RunTime:0.000667s ]
ERR: 无法加载模块:Images

[ 2018-01-18T16:06:01+08:00 ] 127.0.0.1 /images/logobig.png
INFO: [ app_init ] --START--
INFO: Run Behavior\BuildLiteBehavior [ RunTime:0.000016s ]
INFO: [ app_init ] --END-- [ RunTime:0.000768s ]
ERR: 无法加载模块:Images

[ 2018-01-18T16:06:01+08:00 ] 127.0.0.1 /images/cake.png
INFO: [ app_init ] --START--
INFO: Run Behavior\BuildLiteBehavior [ RunTime:0.000014s ]
INFO: [ app_init ] --END-- [ RunTime:0.001314s ]
ERR: 无法加载模块:Images

[ 2018-01-18T16:06:01+08:00 ] 127.0.0.1 /images/ad3.jpg
INFO: [ app_init ] --START--
INFO: Run Behavior\BuildLiteBehavior [ RunTime:0.000012s ]
INFO: [ app_init ] --END-- [ RunTime:0.003046s ]
ERR: 无法加载模块:Images

[ 2018-01-18T16:06:01+08:00 ] 127.0.0.1 /images/cookies.png
INFO: [ app_init ] --START--
INFO: Run Behavior\BuildLiteBehavior [ RunTime:0.000043s ]
INFO: [ app_init ] --END-- [ RunTime:0.005138s ]
ERR: 无法加载模块:Images

[ 2018-01-18T16:06:01+08:00 ] 127.0.0.1 /images/ad1.jpg
INFO: [ app_init ] --START--
INFO: Run Behavior\BuildLiteBehavior [ RunTime:0.000021s ]
INFO: [ app_init ] --END-- [ RunTime:0.001781s ]
ERR: 无法加载模块:Images

[ 2018-01-18T16:06:01+08:00 ] 127.0.0.1 /images/fish.png
INFO: [ app_init ] --START--
INFO: Run Behavior\BuildLiteBehavior [ RunTime:0.000014s ]
INFO: [ app_init ] --END-- [ RunTime:0.001203s ]
ERR: 无法加载模块:Images

[ 2018-01-18T16:06:01+08:00 ] 127.0.0.1 /images/candy.png
INFO: [ app_init ] --START--
INFO: Run Behavior\BuildLiteBehavior [ RunTime:0.000015s ]
INFO: [ app_init ] --END-- [ RunTime:0.001166s ]
ERR: 无法加载模块:Images

[ 2018-01-18T16:06:01+08:00 ] 127.0.0.1 /images/chocolate.png
INFO: [ app_init ] --START--
INFO: Run Behavior\BuildLiteBehavior [ RunTime:0.000021s ]
INFO: [ app_init ] --END-- [ RunTime:0.000993s ]
ERR: 无法加载模块:Images

[ 2018-01-18T16:06:01+08:00 ] 127.0.0.1 /images/nut.png
INFO: [ app_init ] --START--
INFO: Run Behavior\BuildLiteBehavior [ RunTime:0.000014s ]
INFO: [ app_init ] --END-- [ RunTime:0.001004s ]
ERR: 无法加载模块:Images

[ 2018-01-18T16:06:01+08:00 ] 127.0.0.1 /images/tea.png
INFO: [ app_init ] --START--
INFO: Run Behavior\BuildLiteBehavior [ RunTime:0.000013s ]
INFO: [ app_init ] --END-- [ RunTime:0.000784s ]
ERR: 无法加载模块:Images

[ 2018-01-18T16:06:01+08:00 ] 127.0.0.1 /images/getAvatar.do.jpg
INFO: [ app_init ] --START--
INFO: Run Behavior\BuildLiteBehavior [ RunTime:0.000012s ]
INFO: [ app_init ] --END-- [ RunTime:0.000857s ]
ERR: 无法加载模块:Images

[ 2018-01-18T16:06:01+08:00 ] 127.0.0.1 /images/meat.png
INFO: [ app_init ] --START--
INFO: Run Behavior\BuildLiteBehavior [ RunTime:0.000013s ]
INFO: [ app_init ] --END-- [ RunTime:0.000711s ]
ERR: 无法加载模块:Images

[ 2018-01-18T16:06:01+08:00 ] 127.0.0.1 /images/bamboo.png
INFO: [ app_init ] --START--
INFO: Run Behavior\BuildLiteBehavior [ RunTime:0.000014s ]
INFO: [ app_init ] --END-- [ RunTime:0.000604s ]
ERR: 无法加载模块:Images

[ 2018-01-18T16:06:01+08:00 ] 127.0.0.1 /images/wdsc.png
INFO: [ app_init ] --START--
INFO: Run Behavior\BuildLiteBehavior [ RunTime:0.000014s ]
INFO: [ app_init ] --END-- [ RunTime:0.000866s ]
ERR: 无法加载模块:Images

[ 2018-01-18T16:06:01+08:00 ] 127.0.0.1 /images/TJ.jpg
INFO: [ app_init ] --START--
INFO: Run Behavior\BuildLiteBehavior [ RunTime:0.000014s ]
INFO: [ app_init ] --END-- [ RunTime:0.001353s ]
ERR: 无法加载模块:Images


[ 2018-01-18T16:06:01+08:00 ] 127.0.0.1 /images/chongzhi.png
INFO: [ app_init ] --START--
INFO: Run Behavior\BuildLiteBehavior [ RunTime:0.000014s ]
INFO: [ app_init ] --END-- [ RunTime:0.000667s ]
ERR: 无法加载模块:Images

[ 2018-01-18T16:06:01+08:00 ] 127.0.0.1 /images/tj1.png
INFO: [ app_init ] --START--
INFO: Run Behavior\BuildLiteBehavior [ RunTime:0.000013s ]
INFO: [ app_init ] --END-- [ RunTime:0.001138s ]
ERR: 无法加载模块:Images

[ 2018-01-18T16:06:01+08:00 ] 127.0.0.1 /images/tj.png
INFO: [ app_init ] --START--
INFO: Run Behavior\BuildLiteBehavior [ RunTime:0.000017s ]
INFO: [ app_init ] --END-- [ RunTime:0.002930s ]
ERR: 无法加载模块:Images

[ 2018-01-18T16:06:01+08:00 ] 127.0.0.1 /images/tj2.png
INFO: [ app_init ] --START--
INFO: Run Behavior\BuildLiteBehavior [ RunTime:0.000015s ]
INFO: [ app_init ] --END-- [ RunTime:0.000668s ]
ERR: 无法加载模块:Images

[ 2018-01-18T16:06:01+08:00 ] 127.0.0.1 /images/activity1.jpg
INFO: [ app_init ] --START--
INFO: Run Behavior\BuildLiteBehavior [ RunTime:0.000016s ]
INFO: [ app_init ] --END-- [ RunTime:0.000860s ]
ERR: 无法加载模块:Images

[ 2018-01-18T16:06:01+08:00 ] 127.0.0.1 /images/activity2.jpg
INFO: [ app_init ] --START--
INFO: Run Behavior\BuildLiteBehavior [ RunTime:0.000017s ]
INFO: [ app_init ] --END-- [ RunTime:0.001868s ]
ERR: 无法加载模块:Images

[ 2018-01-18T16:06:01+08:00 ] 127.0.0.1 /images/activity3.jpg
INFO: [ app_init ] --START--
INFO: Run Behavior\BuildLiteBehavior [ RunTime:0.000017s ]
INFO: [ app_init ] --END-- [ RunTime:0.000930s ]
ERR: 无法加载模块:Images

[ 2018-01-18T16:06:01+08:00 ] 127.0.0.1 /images/act2.png
INFO: [ app_init ] --START--
INFO: Run Behavior\BuildLiteBehavior [ RunTime:0.000031s ]
INFO: [ app_init ] --END-- [ RunTime:0.001234s ]
ERR: 无法加载模块:Images

[ 2018-01-18T16:06:01+08:00 ] 127.0.0.1 /images/act3.png
INFO: [ app_init ] --START--
INFO: Run Behavior\BuildLiteBehavior [ RunTime:0.000014s ]
INFO: [ app_init ] --END-- [ RunTime:0.003932s ]
ERR: 无法加载模块:Images



[ 2018-01-18T16:06:01+08:00 ] 127.0.0.1 /images/cp.jpg
INFO: [ app_init ] --START--
INFO: Run Behavior\BuildLiteBehavior [ RunTime:0.000017s ]
INFO: [ app_init ] --END-- [ RunTime:0.001218s ]
ERR: 无法加载模块:Images

[ 2018-01-18T16:06:01+08:00 ] 127.0.0.1 /images/cp2.jpg
INFO: [ app_init ] --START--
INFO: Run Behavior\BuildLiteBehavior [ RunTime:0.000041s ]
INFO: [ app_init ] --END-- [ RunTime:0.001470s ]
ERR: 无法加载模块:Images

[ 2018-01-18T16:06:01+08:00 ] 127.0.0.1 /images/no-img_mid_.jpg
INFO: [ app_init ] --START--
INFO: Run Behavior\BuildLiteBehavior [ RunTime:0.000013s ]
INFO: [ app_init ] --END-- [ RunTime:0.000667s ]
ERR: 无法加载模块:Images



[ 2018-01-18T16:07:06+08:00 ] 127.0.0.1 /images/logo.png
INFO: [ app_init ] --START--
INFO: Run Behavior\BuildLiteBehavior [ RunTime:0.000018s ]
INFO: [ app_init ] --END-- [ RunTime:0.000769s ]
ERR: 无法加载模块:Images

[ 2018-01-18T16:07:06+08:00 ] 127.0.0.1 /images/logobig.png
INFO: [ app_init ] --START--
INFO: Run Behavior\BuildLiteBehavior [ RunTime:0.000025s ]
INFO: [ app_init ] --END-- [ RunTime:0.001583s ]
ERR: 无法加载模块:Images

[ 2018-01-18T16:07:06+08:00 ] 127.0.0.1 /images/ad1.jpg
INFO: [ app_init ] --START--
INFO: Run Behavior\BuildLiteBehavior [ RunTime:0.000016s ]
INFO: [ app_init ] --END-- [ RunTime:0.002731s ]
ERR: 无法加载模块:Images

[ 2018-01-18T16:07:06+08:00 ] 127.0.0.1 /images/ad2.jpg
INFO: [ app_init ] --START--
INFO: Run Behavior\BuildLiteBehavior [ RunTime:0.000017s ]
INFO: [ app_init ] --END-- [ RunTime:0.003786s ]
ERR: 无法加载模块:Images

[ 2018-01-18T16:07:06+08:00 ] 127.0.0.1 /images/ad3.jpg
INFO: [ app_init ] --START--
INFO: Run Behavior\BuildLiteBehavior [ RunTime:0.000019s ]
INFO: [ app_init ] --END-- [ RunTime:0.003648s ]
ERR: 无法加载模块:Images

[ 2018-01-18T16:07:06+08:00 ] 127.0.0.1 /images/ad4.jpg
INFO: [ app_init ] --START--
INFO: Run Behavior\BuildLiteBehavior [ RunTime:0.000014s ]
INFO: [ app_init ] --END-- [ RunTime:0.000805s ]
ERR: 无法加载模块:Images

[ 2018-01-18T16:07:06+08:00 ] 127.0.0.1 /images/cake.png
INFO: [ app_init ] --START--
INFO: Run Behavior\BuildLiteBehavior [ RunTime:0.000012s ]
INFO: [ app_init ] --END-- [ RunTime:0.000697s ]
ERR: 无法加载模块:Images

[ 2018-01-18T16:07:06+08:00 ] 127.0.0.1 /images/cookies.png
INFO: [ app_init ] --START--
INFO: Run Behavior\BuildLiteBehavior [ RunTime:0.000014s ]
INFO: [ app_init ] --END-- [ RunTime:0.000651s ]
ERR: 无法加载模块:Images

[ 2018-01-18T16:07:06+08:00 ] 127.0.0.1 /images/meat.png
INFO: [ app_init ] --START--
INFO: Run Behavior\BuildLiteBehavior [ RunTime:0.000014s ]
INFO: [ app_init ] --END-- [ RunTime:0.001006s ]
ERR: 无法加载模块:Images

[ 2018-01-18T16:07:06+08:00 ] 127.0.0.1 /images/TJ.jpg
INFO: [ app_init ] --START--
INFO: Run Behavior\BuildLiteBehavior [ RunTime:0.000014s ]
INFO: [ app_init ] --END-- [ RunTime:0.001373s ]
ERR: 无法加载模块:Images


[ 2018-01-18T16:07:06+08:00 ] 127.0.0.1 /images/TJ2.jpg
INFO: [ app_init ] --START--
INFO: Run Behavior\BuildLiteBehavior [ RunTime:0.000018s ]
INFO: [ app_init ] --END-- [ RunTime:0.001278s ]
ERR: 无法加载模块:Images


[ 2018-01-18T16:07:06+08:00 ] 127.0.0.1 /images/5.jpg
INFO: [ app_init ] --START--
INFO: Run Behavior\BuildLiteBehavior [ RunTime:0.000013s ]
INFO: [ app_init ] --END-- [ RunTime:0.000602s ]
ERR: 无法加载模块:Images

[ 2018-01-18T16:07:06+08:00 ] 127.0.0.1 /images/act3.png
INFO: [ app_init ] --START--
INFO: Run Behavior\BuildLiteBehavior [ RunTime:0.000015s ]
INFO: [ app_init ] --END-- [ RunTime:0.000842s ]
ERR: 无法加载模块:Images

[ 2018-01-18T16:07:06+08:00 ] 127.0.0.1 /images/act1.png
INFO: [ app_init ] --START--
INFO: Run Behavior\BuildLiteBehavior [ RunTime:0.000014s ]
INFO: [ app_init ] --END-- [ RunTime:0.000709s ]
ERR: 无法加载模块:Images

[ 2018-01-18T16:07:06+08:00 ] 127.0.0.1 /images/activity1.jpg
INFO: [ app_init ] --START--
INFO: Run Behavior\BuildLiteBehavior [ RunTime:0.000015s ]
INFO: [ app_init ] --END-- [ RunTime:0.000955s ]
ERR: 无法加载模块:Images

[ 2018-01-18T16:07:06+08:00 ] 127.0.0.1 /images/activity2.jpg
INFO: [ app_init ] --START--
INFO: Run Behavior\BuildLiteBehavior [ RunTime:0.000015s ]
INFO: [ app_init ] --END-- [ RunTime:0.000632s ]
ERR: 无法加载模块:Images

[ 2018-01-18T16:07:06+08:00 ] 127.0.0.1 /images/activity.jpg
INFO: [ app_init ] --START--
INFO: Run Behavior\BuildLiteBehavior [ RunTime:0.000016s ]
INFO: [ app_init ] --END-- [ RunTime:0.001104s ]
ERR: 无法加载模块:Images
[ 2018-01-18T16:07:06+08:00 ] 127.0.0.1 /images/candy.png
INFO: [ app_init ] --START--
INFO: Run Behavior\BuildLiteBehavior [ RunTime:0.000013s ]
INFO: [ app_init ] --END-- [ RunTime:0.000649s ]
ERR: 无法加载模块:Images

[ 2018-01-18T16:07:06+08:00 ] 127.0.0.1 /images/chocolate.png
INFO: [ app_init ] --START--
INFO: Run Behavior\BuildLiteBehavior [ RunTime:0.000014s ]
INFO: [ app_init ] --END-- [ RunTime:0.002507s ]
ERR: 无法加载模块:Images

[ 2018-01-18T16:07:06+08:00 ] 127.0.0.1 /images/package.png
INFO: [ app_init ] --START--
INFO: Run Behavior\BuildLiteBehavior [ RunTime:0.000028s ]
INFO: [ app_init ] --END-- [ RunTime:0.001107s ]
ERR: 无法加载模块:Images

s

[ 2018-01-18T16:07:06+08:00 ] 127.0.0.1 /images/tea.png
INFO: [ app_init ] --START--
INFO: Run Behavior\BuildLiteBehavior [ RunTime:0.000182s ]
INFO: [ app_init ] --END-- [ RunTime:0.002140s ]
ERR: 无法加载模块:Images

[ 2018-01-18T16:07:06+08:00 ] 127.0.0.1 /images/advTip.jpg
INFO: [ app_init ] --START--
INFO: Run Behavior\BuildLiteBehavior [ RunTime:0.000013s ]
INFO: [ app_init ] --END-- [ RunTime:0.000878s ]
ERR: 无法加载模块:Images

[ 2018-01-18T16:07:07+08:00 ] 127.0.0.1 /images/tj1.png
INFO: [ app_init ] --START--
INFO: Run Behavior\BuildLiteBehavior [ RunTime:0.000013s ]
INFO: [ app_init ] --END-- [ RunTime:0.000889s ]
ERR: 无法加载模块:Images

[ 2018-01-18T16:07:07+08:00 ] 127.0.0.1 /images/tj2.png
INFO: [ app_init ] --START--
INFO: Run Behavior\BuildLiteBehavior [ RunTime:0.000013s ]
INFO: [ app_init ] --END-- [ RunTime:0.000886s ]
ERR: 无法加载模块:Images

a[ 2018-01-18T16:07:07+08:00 ] 127.0.0.1 /images/tj.png
INFO: [ app_init ] --START--
INFO: Run Behavior\BuildLiteBehavior [ RunTime:0.000012s ]
INFO: [ app_init ] --END-- [ RunTime:0.000896s ]
ERR: 无法加载模块:Images

[ 2018-01-18T16:07:07+08:00 ] 127.0.0.1 /images/2016.png
INFO: [ app_init ] --START--
INFO: Run Behavior\BuildLiteBehavior [ RunTime:0.000015s ]
INFO: [ app_init ] --END-- [ RunTime:0.001159s ]
ERR: 无法加载模块:Images

[ 2018-01-18T16:07:07+08:00 ] 127.0.0.1 /images/chongzhi.png
INFO: [ app_init ] --START--
INFO: Run Behavior\BuildLiteBehavior [ RunTime:0.000013s ]
INFO: [ app_init ] --END-- [ RunTime:0.000790s ]
ERR: 无法加载模块:Images

[ 2018-01-18T16:07:07+08:00 ] 127.0.0.1 /images/weixin_code_145.png
INFO: [ app_init ] --START--
INFO: Run Behavior\BuildLiteBehavior [ RunTime:0.000012s ]
INFO: [ app_init ] --END-- [ RunTime:0.000648s ]
ERR: 无法加载模块:Images

[ 2018-01-18T16:07:57+08:00 ] 127.0.0.1 /images/logo.png
INFO: [ app_init ] --START--
INFO: Run Behavior\BuildLiteBehavior [ RunTime:0.000018s ]
INFO: [ app_init ] --END-- [ RunTime:0.000907s ]
ERR: 无法加载模块:Images

[ 2018-01-18T16:07:57+08:00 ] 127.0.0.1 /images/logobig.png
INFO: [ app_init ] --START--
INFO: Run Behavior\BuildLiteBehavior [ RunTime:0.000021s ]
INFO: [ app_init ] --END-- [ RunTime:0.001235s ]
ERR: 无法加载模块:Images

[ 2018-01-18T16:07:57+08:00 ] 127.0.0.1 /images/ad3.jpg
INFO: [ app_init ] --START--
INFO: Run Behavior\BuildLiteBehavior [ RunTime:0.000013s ]
INFO: [ app_init ] --END-- [ RunTime:0.001003s ]
ERR: 无法加载模块:Images

[ 2018-01-18T16:07:57+08:00 ] 127.0.0.1 /images/ad4.jpg
INFO: [ app_init ] --START--
INFO: Run Behavior\BuildLiteBehavior [ RunTime:0.000012s ]
INFO: [ app_init ] --END-- [ RunTime:0.000944s ]
ERR: 无法加载模块:Images


[ 2018-01-18T16:07:57+08:00 ] 127.0.0.1 /images/cookies.png
INFO: [ app_init ] --START--
INFO: Run Behavior\BuildLiteBehavior [ RunTime:0.000015s ]
INFO: [ app_init ] --END-- [ RunTime:0.000856s ]
ERR: 无法加载模块:Images

[ 2018-01-18T16:07:57+08:00 ] 127.0.0.1 /images/nut.png
INFO: [ app_init ] --START--
INFO: Run Behavior\BuildLiteBehavior [ RunTime:0.000022s ]
INFO: [ app_init ] --END-- [ RunTime:0.001131s ]
ERR: 无法加载模块:Images

[ 2018-01-18T16:07:57+08:00 ] 127.0.0.1 /images/TJ.jpg
INFO: [ app_init ] --START--
INFO: Run Behavior\BuildLiteBehavior [ RunTime:0.000016s ]
INFO: [ app_init ] --END-- [ RunTime:0.001686s ]
ERR: 无法加载模块:Images


[ 2018-01-18T16:07:57+08:00 ] 127.0.0.1 /images/meat.png
INFO: [ app_init ] --START--
INFO: Run Behavior\BuildLiteBehavior [ RunTime:0.000013s ]
INFO: [ app_init ] --END-- [ RunTime:0.001325s ]
ERR: 无法加载模块:Images

[ 2018-01-18T16:07:57+08:00 ] 127.0.0.1 /images/chocolate.png
INFO: [ app_init ] --START--
INFO: Run Behavior\BuildLiteBehavior [ RunTime:0.000015s ]
INFO: [ app_init ] --END-- [ RunTime:0.001113s ]
ERR: 无法加载模块:Images

[ 2018-01-18T16:07:57+08:00 ] 127.0.0.1 /images/TJ2.jpg
INFO: [ app_init ] --START--
INFO: Run Behavior\BuildLiteBehavior [ RunTime:0.000033s ]
INFO: [ app_init ] --END-- [ RunTime:0.002226s ]
ERR: 无法加载模块:Images

[ 2018-01-18T16:07:57+08:00 ] 127.0.0.1 /images/fish.png
INFO: [ app_init ] --START--
INFO: Run Behavior\BuildLiteBehavior [ RunTime:0.000014s ]
INFO: [ app_init ] --END-- [ RunTime:0.000846s ]
ERR: 无法加载模块:Images

[ 2018-01-18T16:07:57+08:00 ] 127.0.0.1 /images/getAvatar.do.jpg
INFO: [ app_init ] --START--
INFO: Run Behavior\BuildLiteBehavior [ RunTime:0.000052s ]
INFO: [ app_init ] --END-- [ RunTime:0.001361s ]
ERR: 无法加载模块:Images

[ 2018-01-18T16:07:57+08:00 ] 127.0.0.1 /images/advTip.jpg
INFO: [ app_init ] --START--
INFO: Run Behavior\BuildLiteBehavior [ RunTime:0.000013s ]
INFO: [ app_init ] --END-- [ RunTime:0.000743s ]
ERR: 无法加载模块:Images

[ 2018-01-18T16:07:57+08:00 ] 127.0.0.1 /images/package.png
INFO: [ app_init ] --START--
INFO: Run Behavior\BuildLiteBehavior [ RunTime:0.000013s ]
INFO: [ app_init ] --END-- [ RunTime:0.000956s ]
ERR: 无法加载模块:Images

[ 2018-01-18T16:07:58+08:00 ] 127.0.0.1 /images/2016.png
INFO: [ app_init ] --START--
INFO: Run Behavior\BuildLiteBehavior [ RunTime:0.000023s ]
INFO: [ app_init ] --END-- [ RunTime:0.002382s ]
ERR: 无法加载模块:Images

[ 2018-01-18T16:07:58+08:00 ] 127.0.0.1 /images/tj.png
INFO: [ app_init ] --START--
INFO: Run Behavior\BuildLiteBehavior [ RunTime:0.000013s ]
INFO: [ app_init ] --END-- [ RunTime:0.000721s ]
ERR: 无法加载模块:Images

[ 2018-01-18T16:07:58+08:00 ] 127.0.0.1 /images/tj1.png
INFO: [ app_init ] --START--
INFO: Run Behavior\BuildLiteBehavior [ RunTime:0.000023s ]
INFO: [ app_init ] --END-- [ RunTime:0.001400s ]
ERR: 无法加载模块:Images

[ 2018-01-18T16:07:58+08:00 ] 127.0.0.1 /images/activity3.jpg
INFO: [ app_init ] --START--
INFO: Run Behavior\BuildLiteBehavior [ RunTime:0.000015s ]
INFO: [ app_init ] --END-- [ RunTime:0.000656s ]
ERR: 无法加载模块:Images

[ 2018-01-18T16:07:58+08:00 ] 127.0.0.1 /images/activity2.jpg
INFO: [ app_init ] --START--
INFO: Run Behavior\BuildLiteBehavior [ RunTime:0.000019s ]
INFO: [ app_init ] --END-- [ RunTime:0.001194s ]
ERR: 无法加载模块:Images

[ 2018-01-18T16:07:58+08:00 ] 127.0.0.1 /images/activity.jpg
INFO: [ app_init ] --START--
INFO: Run Behavior\BuildLiteBehavior [ RunTime:0.000016s ]
INFO: [ app_init ] --END-- [ RunTime:0.000984s ]
ERR: 无法加载模块:Images

[ 2018-01-18T16:07:58+08:00 ] 127.0.0.1 /images/act1.png
INFO: [ app_init ] --START--
INFO: Run Behavior\BuildLiteBehavior [ RunTime:0.000024s ]
INFO: [ app_init ] --END-- [ RunTime:0.002982s ]
ERR: 无法加载模块:Images

[ 2018-01-18T16:07:58+08:00 ] 127.0.0.1 /images/act2.png
INFO: [ app_init ] --START--
INFO: Run Behavior\BuildLiteBehavior [ RunTime:0.000026s ]
INFO: [ app_init ] --END-- [ RunTime:0.002317s ]
ERR: 无法加载模块:Images[ 2018-01-18T16:07:58+08:00 ] 127.0.0.1 /images/cp.jpg
INFO: [ app_init ] --START--
INFO: Run Behavior\BuildLiteBehavior [ RunTime:0.000012s ]
INFO: [ app_init ] --END-- [ RunTime:0.000670s ]
ERR: 无法加载模块:Images

[ 2018-01-18T16:07:58+08:00 ] 127.0.0.1 /images/cp2.jpg
INFO: [ app_init ] --START--
INFO: Run Behavior\BuildLiteBehavior [ RunTime:0.000015s ]
INFO: [ app_init ] --END-- [ RunTime:0.000685s ]
ERR: 无法加载模块:Images

[ 2018-01-18T16:07:58+08:00 ] 127.0.0.1 /images/no-img_mid_.jpg
INFO: [ app_init ] --START--
INFO: Run Behavior\BuildLiteBehavior [ RunTime:0.000013s ]
INFO: [ app_init ] --END-- [ RunTime:0.000516s ]
ERR: 无法加载模块:Ima[ 2018-01-18T16:07:58+08:00 ] 127.0.0.1 /images/chongzhi.png
INFO: [ app_init ] --START--
INFO: Run Behavior\BuildLiteBehavior [ RunTime:0.000013s ]
INFO: [ app_init ] --END-- [ RunTime:0.001430s ]
ERR: 无法加载模块:Images

[ 2018-01-18T16:07:58+08:00 ] 127.0.0.1 /images/weixin_code_145.png
INFO: [ app_init ] --START--
INFO: Run Behavior\BuildLiteBehavior [ RunTime:0.000012s ]
INFO: [ app_init ] --END-- [ RunTime:0.001437s ]
ERR: 无法加载模块:Images

[ 2018-01-18T16:14:09+08:00 ] 127.0.0.1 /__PUBILC__/Home/css/amazeui.css
INFO: [ app_init ] --START--
INFO: Run Behavior\BuildLiteBehavior [ RunTime:0.000016s ]
INFO: [ app_init ] --END-- [ RunTime:0.001343s ]
ERR: 无法加载模块:__PUBILC__

[ 2018-01-18T16:14:09+08:00 ] 127.0.0.1 /__PUBILC__/Home/css/admin.css
INFO: [ app_init ] --START--
INFO: Run Behavior\BuildLiteBehavior [ RunTime:0.000013s ]
INFO: [ app_init ] --END-- [ RunTime:0.001094s ]
ERR: 无法加载模块:__PUBILC__


[ 2018-01-18T16:14:09+08:00 ] 127.0.0.1 /__PUBILC__/Home/js/jquery.min.js
INFO: [ app_init ] --START--
INFO: Run Behavior\BuildLiteBehavior [ RunTime:0.000040s ]
INFO: [ app_init ] --END-- [ RunTime:0.000994s ]
ERR: 无法加载模块:__PUBILC__

[ 2018-01-18T16:14:09+08:00 ] 127.0.0.1 /__PUBILC__/Home/css/demo.css
INFO: [ app_init ] --START--
INFO: Run Behavior\BuildLiteBehavior [ RunTime:0.000013s ]
INFO: [ app_init ] --END-- [ RunTime:0.000983s ]
ERR: 无法加载模块:__PUBILC__

[ 2018-01-18T16:14:09+08:00 ] 127.0.0.1 /__PUBILC__/Home/js/amazeui.min.js
INFO: [ app_init ] --START--
INFO: Run Behavior\BuildLiteBehavior [ RunTime:0.000015s ]
INFO: [ app_init ] --END-- [ RunTime:0.000961s ]
ERR: 无法加载模块:__PUBILC__

[ 2018-01-18T16:14:09+08:00 ] 127.0.0.1 /__PUBILC__/Home/js/quick_links.js
INFO: [ app_init ] --START--
INFO: Run Behavior\BuildLiteBehavior [ RunTime:0.000012s ]
INFO: [ app_init ] --END-- [ RunTime:0.000519s ]
ERR: 无法加载模块:__PUBILC__

[ 2018-01-18T16:14:09+08:00 ] 127.0.0.1 /__PUBILC__/Home/js/amazeui.min.js
INFO: [ app_init ] --START--
INFO: Run Behavior\BuildLiteBehavior [ RunTime:0.000012s ]
INFO: [ app_init ] --END-- [ RunTime:0.000746s ]
ERR: 无法加载模块:__PUBILC__

[ 2018-01-18T16:14:10+08:00 ] 127.0.0.1 /__PUBILC__/Home/images/logobig.png
INFO: [ app_init ] --START--
INFO: Run Behavior\BuildLiteBehavior [ RunTime:0.000025s ]
INFO: [ app_init ] --END-- [ RunTime:0.001728s ]
ERR: 无法加载模块:__PUBILC__

[ 2018-01-18T16:14:10+08:00 ] 127.0.0.1 /__PUBILC__/Home/js/quick_links.js
INFO: [ app_init ] --START--
INFO: Run Behavior\BuildLiteBehavior [ RunTime:0.000015s ]
INFO: [ app_init ] --END-- [ RunTime:0.001694s ]
ERR: 无法加载模块:__PUBILC__

[ 2018-01-18T16:14:10+08:00 ] 127.0.0.1 /__PUBILC__/Home/images/ad4.jpg
INFO: [ app_init ] --START--
INFO: Run Behavior\BuildLiteBehavior [ RunTime:0.000012s ]
INFO: [ app_init ] --END-- [ RunTime:0.001004s ]
ERR: 无法加载模块:__PUBILC__

[ 2018-01-18T16:14:10+08:00 ] 127.0.0.1 /__PUBILC__/Home/images/cookies.png
INFO: [ app_init ] --START--
INFO: Run Behavior\BuildLiteBehavior [ RunTime:0.000013s ]
INFO: [ app_init ] --END-- [ RunTime:0.000920s ]
ERR: 无法加载模块:__PUBILC__

[ 2018-01-18T16:14:10+08:00 ] 127.0.0.1 /__PUBILC__/Home/images/ad1.jpg
INFO: [ app_init ] --START--
INFO: Run Behavior\BuildLiteBehavior [ RunTime:0.000031s ]
INFO: [ app_init ] --END-- [ RunTime:0.002422s ]
ERR: 无法加载模块:__PUBILC__

[ 2018-01-18T16:14:10+08:00 ] 127.0.0.1 /__PUBILC__/Home/images/ad2.jpg
INFO: [ app_init ] --START--
INFO: Run Behavior\BuildLiteBehavior [ RunTime:0.000015s ]
INFO: [ app_init ] --END-- [ RunTime:0.001432s ]
ERR: 无法加载模块:__PUBILC__

[ 2018-01-18T16:14:10+08:00 ] 127.0.0.1 /__PUBILC__/Home/images/nut.png
INFO: [ app_init ] --START--
INFO: Run Behavior\BuildLiteBehavior [ RunTime:0.000020s ]
INFO: [ app_init ] --END-- [ RunTime:0.001487s ]
ERR: 无法加载模块:__PUBILC__

[ 2018-01-18T16:14:10+08:00 ] 127.0.0.1 /__PUBILC__/Home/images/bamboo.png
INFO: [ app_init ] --START--
INFO: Run Behavior\BuildLiteBehavior [ RunTime:0.000013s ]
INFO: [ app_init ] --END-- [ RunTime:0.002135s ]
ERR: 无法加载模块:__PUBILC__



[ 2018-01-18T16:14:10+08:00 ] 127.0.0.1 /__PUBILC__/Home/images/candy.png
INFO: [ app_init ] --START--
INFO: Run Behavior\BuildLiteBehavior [ RunTime:0.000013s ]
INFO: [ app_init ] --END-- [ RunTime:0.000608s ]
ERR: 无法加载模块:__PUBILC__

[ 2018-01-18T16:14:10+08:00 ] 127.0.0.1 /__PUBILC__/Home/images/fish.png
INFO: [ app_init ] --START--
INFO: Run Behavior\BuildLiteBehavior [ RunTime:0.000014s ]
INFO: [ app_init ] --END-- [ RunTime:0.000823s ]
ERR: 无法加载模块:__PUBILC__

[ 2018-01-18T16:14:10+08:00 ] 127.0.0.1 /__PUBILC__/Home/images/tea.png
INFO: [ app_init ] --START--
INFO: Run Behavior\BuildLiteBehavior [ RunTime:0.000156s ]
INFO: [ app_init ] --END-- [ RunTime:0.006120s ]
ERR: 无法加载模块:__PUBILC__

[ 2018-01-18T16:14:10+08:00 ] 127.0.0.1 /__PUBILC__/Home/images/TJ.jpg
INFO: [ app_init ] --START--
INFO: Run Behavior\BuildLiteBehavior [ RunTime:0.000009s ]
INFO: [ app_init ] --END-- [ RunTime:0.000798s ]
ERR: 无法加载模块:__PUBILC__


[ 2018-01-18T16:14:10+08:00 ] 127.0.0.1 /__PUBILC__/Home/images/advTip.jpg
INFO: [ app_init ] --START--
INFO: Run Behavior\BuildLiteBehavior [ RunTime:0.000015s ]
INFO: [ app_init ] --END-- [ RunTime:0.000694s ]
ERR: 无法加载模块:__PUBILC__

[ 2018-01-18T16:14:10+08:00 ] 127.0.0.1 /__PUBILC__/Home/images/getAvatar.do.jpg
INFO: [ app_init ] --START--
INFO: Run Behavior\BuildLiteBehavior [ RunTime:0.000015s ]
INFO: [ app_init ] --END-- [ RunTime:0.001664s ]
ERR: 无法加载模块:__PUBILC__

[ 2018-01-18T16:14:10+08:00 ] 127.0.0.1 /__PUBILC__/Home/images/package.png
INFO: [ app_init ] --START--
INFO: Run Behavior\BuildLiteBehavior [ RunTime:0.000014s ]
INFO: [ app_init ] --END-- [ RunTime:0.001472s ]
ERR: 无法加载模块:__PUBILC__

[ 2018-01-18T16:14:10+08:00 ] 127.0.0.1 /__PUBILC__/Home/images/2016.png
INFO: [ app_init ] --START--
INFO: Run Behavior\BuildLiteBehavior [ RunTime:0.000012s ]
INFO: [ app_init ] --END-- [ RunTime:0.000564s ]
ERR: 无法加载模块:__PUBILC__

[ 2018-01-18T16:14:10+08:00 ] 127.0.0.1 /__PUBILC__/Home/images/tj.png
INFO: [ app_init ] --START--
INFO: Run Behavior\BuildLiteBehavior [ RunTime:0.000013s ]
INFO: [ app_init ] --END-- [ RunTime:0.000571s ]
ERR: 无法加载模块:__PUBILC__

[ 2018-01-18T16:14:10+08:00 ] 127.0.0.1 /__PUBILC__/Home/images/tj1.png
INFO: [ app_init ] --START--
INFO: Run Behavior\BuildLiteBehavior [ RunTime:0.000017s ]
INFO: [ app_init ] --END-- [ RunTime:0.003348s ]
ERR: 无法加载模块:__PUBILC__

[ 2018-01-18T16:14:10+08:00 ] 127.0.0.1 /__PUBILC__/Home/images/activity1.jpg
INFO: [ app_init ] --START--
INFO: Run Behavior\BuildLiteBehavior [ RunTime:0.000014s ]
INFO: [ app_init ] --END-- [ RunTime:0.000913s ]
ERR: 无法加载模块:__PUBILC__

[ 2018-01-18T16:14:10+08:00 ] 127.0.0.1 /__PUBILC__/Home/images/activity.jpg
INFO: [ app_init ] --START--
INFO: Run Behavior\BuildLiteBehavior [ RunTime:0.000013s ]
INFO: [ app_init ] --END-- [ RunTime:0.000811s ]
ERR: 无法加载模块:__PUBILC__


[ 2018-01-18T16:14:10+08:00 ] 127.0.0.1 /__PUBILC__/Home/images/extra.png
INFO: [ app_init ] --START--
INFO: Run Behavior\BuildLiteBehavior [ RunTime:0.000013s ]
INFO: [ app_init ] --END-- [ RunTime:0.000560s ]
ERR: 无法加载模块:__PUBILC__

[ 2018-01-18T16:14:10+08:00 ] 127.0.0.1 /__PUBILC__/Home/images/act1.png
INFO: [ app_init ] --START--
INFO: Run Behavior\BuildLiteBehavior [ RunTime:0.000022s ]
INFO: [ app_init ] --END-- [ RunTime:0.000767s ]
ERR: 无法加载模块:__PUBILC__

[ 2018-01-18T16:14:10+08:00 ] 127.0.0.1 /__PUBILC__/Home/images/act2.png
INFO: [ app_init ] --START--
INFO: Run Behavior\BuildLiteBehavior [ RunTime:0.000014s ]
INFO: [ app_init ] --END-- [ RunTime:0.001357s ]
ERR: 无法加载模块:__PUBILC__

[ 2018-01-18T16:14:10+08:00 ] 127.0.0.1 /__PUBILC__/Home/images/5.jpg
INFO: [ app_init ] --START--
INFO: Run Behavior\BuildLiteBehavior [ RunTime:0.000013s ]
INFO: [ app_init ] --END-- [ RunTime:0.001401s ]
ERR: 无法加载模块:__PUBILC__


[ 2018-01-18T16:14:10+08:00 ] 127.0.0.1 /__PUBILC__/Home/images/act3.png
INFO: [ app_init ] --START--
INFO: Run Behavior\BuildLiteBehavior [ RunTime:0.000014s ]
INFO: [ app_init ] --END-- [ RunTime:0.000612s ]
ERR: 无法加载模块:__PUBILC__

[ 2018-01-18T16:14:10+08:00 ] 127.0.0.1 /__PUBILC__/Home/images/no-img_mid_.jpg
INFO: [ app_init ] --START--
INFO: Run Behavior\BuildLiteBehavior [ RunTime:0.000014s ]
INFO: [ app_init ] --END-- [ RunTime:0.000595s ]
ERR: 无法加载模块:__PUBILC__

[ 2018-01-18T16:14:10+08:00 ] 127.0.0.1 /__PUBILC__/Home/images/weixin_code_145.png
INFO: [ app_init ] --START--
INFO: Run Behavior\BuildLiteBehavior [ RunTime:0.000012s ]
INFO: [ app_init ] --END-- [ RunTime:0.000659s ]
ERR: 无法加载模块:__PUBILC__

[ 2018-01-18T16:14:10+08:00 ] 127.0.0.1 /__PUBILC__/Home/images/chongzhi.png
INFO: [ app_init ] --START--
INFO: Run Behavior\BuildLiteBehavior [ RunTime:0.000012s ]
INFO: [ app_init ] --END-- [ RunTime:0.000807s ]
ERR: 无法加载模块:__PUBILC__

[ 2018-01-18T20:05:54+08:00 ] 127.0.0.1 /favicon.ico
INFO: [ app_init ] --START--
INFO: Run Behavior\BuildLiteBehavior [ RunTime:0.000013s ]
INFO: [ app_init ] --END-- [ RunTime:0.000608s ]
ERR: 无法加载模块:Favicon

